[debug] [2025-06-18T23:54:20.918Z] ----------------------------------------------------------------------
[debug] [2025-06-18T23:54:20.919Z] Command:       /usr/bin/node /usr/bin/firebase emulators:start --only functions
[debug] [2025-06-18T23:54:20.919Z] CLI Version:   13.25.0
[debug] [2025-06-18T23:54:20.919Z] Platform:      linux
[debug] [2025-06-18T23:54:20.919Z] Node Version:  v20.11.1
[debug] [2025-06-18T23:54:20.919Z] Time:          Wed Jun 18 2025 17:54:20 GMT-0600 (Mountain Daylight Time)
[debug] [2025-06-18T23:54:20.919Z] ----------------------------------------------------------------------
[debug] 
[debug] [2025-06-18T23:54:20.992Z] > command requires scopes: ["email","openid","https://www.googleapis.com/auth/cloudplatformprojects.readonly","https://www.googleapis.com/auth/firebase","https://www.googleapis.com/auth/cloud-platform"]
[debug] [2025-06-18T23:54:20.992Z] > authorizing via signed-in user (topedgedev@gmail.com)
[info] i  emulators: Starting emulators: functions {"metadata":{"emulator":{"name":"hub"},"message":"Starting emulators: functions"}}
[debug] [2025-06-18T23:54:20.995Z] assigned listening specs for emulators {"user":{"hub":[{"address":"127.0.0.1","family":"IPv4","port":4400}],"logging":[{"address":"127.0.0.1","family":"IPv4","port":4500}]},"metadata":{"message":"assigned listening specs for emulators"}}
[debug] [2025-06-18T23:54:20.999Z] [hub] writing locator at /tmp/hub-whitelabelweb-c4f4d.json
[debug] [2025-06-18T23:54:21.011Z] late-assigned ports for functions and eventarc emulators {"user":{"hub":[{"address":"127.0.0.1","family":"IPv4","port":4400}],"logging":[{"address":"127.0.0.1","family":"IPv4","port":4500}],"functions":[{"address":"127.0.0.1","family":"IPv4","port":5001}],"eventarc":[{"address":"127.0.0.1","family":"IPv4","port":9299}],"tasks":[{"address":"127.0.0.1","family":"IPv4","port":9499}]},"metadata":{"message":"late-assigned ports for functions and eventarc emulators"}}
[warn] âš   functions: The following emulators are not running, calls to these services from the Functions emulator will affect production: auth, firestore, database, hosting, pubsub, storage, dataconnect {"metadata":{"emulator":{"name":"functions"},"message":"The following emulators are not running, calls to these services from the Functions emulator will affect production: \u001b[1mauth, firestore, database, hosting, pubsub, storage, dataconnect\u001b[22m"}}
[debug] [2025-06-18T23:54:21.013Z] defaultcredentials: writing to file /home/bpt/.config/firebase/topedgedev_gmail_com_application_default_credentials.json
[debug] [2025-06-18T23:54:21.014Z] Setting GAC to /home/bpt/.config/firebase/topedgedev_gmail_com_application_default_credentials.json {"metadata":{"emulator":{"name":"functions"},"message":"Setting GAC to /home/bpt/.config/firebase/topedgedev_gmail_com_application_default_credentials.json"}}
[debug] [2025-06-18T23:54:21.015Z] Checked if tokens are valid: true, expires at: 1750292764941
[debug] [2025-06-18T23:54:21.015Z] Checked if tokens are valid: true, expires at: 1750292764941
[debug] [2025-06-18T23:54:21.015Z] >>> [apiv2][query] GET https://firebase.googleapis.com/v1beta1/projects/whitelabelweb-c4f4d/adminSdkConfig [none]
[debug] [2025-06-18T23:54:21.302Z] <<< [apiv2][status] GET https://firebase.googleapis.com/v1beta1/projects/whitelabelweb-c4f4d/adminSdkConfig 200
[debug] [2025-06-18T23:54:21.302Z] <<< [apiv2][body] GET https://firebase.googleapis.com/v1beta1/projects/whitelabelweb-c4f4d/adminSdkConfig {"projectId":"whitelabelweb-c4f4d","databaseURL":"https://whitelabelweb-c4f4d-default-rtdb.firebaseio.com","storageBucket":"whitelabelweb-c4f4d.firebasestorage.app"}
[warn] âš   emulators: The Emulator UI is not starting, either because none of the running emulators have a UI component or the Emulator UI cannot determine the Project ID. Pass the --project flag to specify a project. {"metadata":{"emulator":{"name":"hub"},"message":"The Emulator UI is not starting, either because none of the running emulators have a UI component or the Emulator UI cannot determine the Project ID. Pass the --project flag to specify a project."}}
[info] i  functions: Watching "/home/bpt/whitelabel/functions" for Cloud Functions... {"metadata":{"emulator":{"name":"functions"},"message":"Watching \"/home/bpt/whitelabel/functions\" for Cloud Functions..."}}
[debug] [2025-06-18T23:54:21.319Z] Validating nodejs source
[debug] [2025-06-18T23:54:21.749Z] > [functions] package.json contents: {
  "name": "functions",
  "description": "Cloud Functions for Firebase",
  "scripts": {
    "serve": "firebase emulators:start --only functions",
    "shell": "firebase functions:shell",
    "start": "npm run shell",
    "deploy": "firebase deploy --only functions",
    "logs": "firebase functions:log"
  },
  "engines": {
    "node": "18"
  },
  "main": "index.js",
  "dependencies": {
    "firebase-admin": "^12.6.0",
    "firebase-functions": "^6.0.1"
  },
  "devDependencies": {
    "firebase-functions-test": "^3.1.0"
  },
  "private": true
}
[debug] [2025-06-18T23:54:21.749Z] Building nodejs source
[debug] [2025-06-18T23:54:21.749Z] Failed to find version of module node: reached end of search path /home/bpt/whitelabel/functions/node_modules
[warn] âš   functions: Your requested "node" version "18" doesn't match your global version "20". Using node@20 from host. 
[debug] [2025-06-18T23:54:21.751Z] Could not find functions.yaml. Must use http discovery
[debug] [2025-06-18T23:54:21.754Z] Found firebase-functions binary at '/home/bpt/whitelabel/functions/node_modules/.bin/firebase-functions'
[info] Serving at port 8407

[debug] [2025-06-18T23:54:21.903Z] Got response from /__/functions.yaml {"endpoints":{"api":{"availableMemoryMb":null,"timeoutSeconds":null,"minInstances":null,"maxInstances":null,"ingressSettings":null,"concurrency":null,"serviceAccountEmail":null,"vpc":null,"platform":"gcfv2","labels":{},"httpsTrigger":{},"entryPoint":"api"},"nextjsFunc":{"availableMemoryMb":null,"timeoutSeconds":null,"minInstances":null,"maxInstances":null,"ingressSettings":null,"concurrency":null,"serviceAccountEmail":null,"vpc":null,"platform":"gcfv2","labels":{},"httpsTrigger":{},"entryPoint":"nextjsFunc"}},"specVersion":"v1alpha1","requiredAPIs":[],"extensions":{}}
[info] âœ”  functions: Loaded functions definitions from source: api, nextjsFunc. {"metadata":{"emulator":{"name":"functions"},"message":"Loaded functions definitions from source: api, nextjsFunc."}}
[info] âœ”  functions[us-central1-api]: http function initialized (http://127.0.0.1:5001/whitelabelweb-c4f4d/us-central1/api). {"metadata":{"emulator":{"name":"functions"},"message":"\u001b[1mhttp\u001b[22m function initialized (http://127.0.0.1:5001/whitelabelweb-c4f4d/us-central1/api)."}}
[info] âœ”  functions[us-central1-nextjsFunc]: http function initialized (http://127.0.0.1:5001/whitelabelweb-c4f4d/us-central1/nextjsFunc). {"metadata":{"emulator":{"name":"functions"},"message":"\u001b[1mhttp\u001b[22m function initialized (http://127.0.0.1:5001/whitelabelweb-c4f4d/us-central1/nextjsFunc)."}}
[debug] [2025-06-18T23:54:26.927Z] Could not find VSCode notification endpoint: FetchError: request to http://localhost:40001/vscode/notify failed, reason: connect ECONNREFUSED 127.0.0.1:40001. If you are not running the Firebase Data Connect VSCode extension, this is expected and not an issue.
[info] 
â”Œâ”€â”€â”€â”€â”€â”€â”€â”€â”€â”€â”€â”€â”€â”€â”€â”€â”€â”€â”€â”€â”€â”€â”€â”€â”€â”€â”€â”€â”€â”€â”€â”€â”€â”€â”€â”€â”€â”€â”€â”€â”€â”€â”€â”€â”€â”€â”€â”€â”€â”€â”€â”€â”€â”€â”€â”€â”€â”€â”€â”€â”€â”
â”‚ âœ”  All emulators ready! It is now safe to connect your app. â”‚
â””â”€â”€â”€â”€â”€â”€â”€â”€â”€â”€â”€â”€â”€â”€â”€â”€â”€â”€â”€â”€â”€â”€â”€â”€â”€â”€â”€â”€â”€â”€â”€â”€â”€â”€â”€â”€â”€â”€â”€â”€â”€â”€â”€â”€â”€â”€â”€â”€â”€â”€â”€â”€â”€â”€â”€â”€â”€â”€â”€â”€â”€â”˜

â”Œâ”€â”€â”€â”€â”€â”€â”€â”€â”€â”€â”€â”¬â”€â”€â”€â”€â”€â”€â”€â”€â”€â”€â”€â”€â”€â”€â”€â”€â”
â”‚ Emulator  â”‚ Host:Port      â”‚
â”œâ”€â”€â”€â”€â”€â”€â”€â”€â”€â”€â”€â”¼â”€â”€â”€â”€â”€â”€â”€â”€â”€â”€â”€â”€â”€â”€â”€â”€â”¤
â”‚ Functions â”‚ 127.0.0.1:5001 â”‚
â””â”€â”€â”€â”€â”€â”€â”€â”€â”€â”€â”€â”´â”€â”€â”€â”€â”€â”€â”€â”€â”€â”€â”€â”€â”€â”€â”€â”€â”˜
  Emulator Hub running at 127.0.0.1:4400
  Other reserved ports: 4500

Issues? Report them at https://github.com/firebase/firebase-tools/issues and attach the *-debug.log files.
 
[debug] [2025-06-18T23:54:37.539Z] [work-queue] {"queuedWork":["/whitelabelweb-c4f4d/us-central1/api/items-2025-06-18T23:54:37.539Z"],"queueLength":1,"runningWork":[],"workRunningCount":0}
[debug] [2025-06-18T23:54:37.539Z] [work-queue] {"queuedWork":[],"queueLength":0,"runningWork":["/whitelabelweb-c4f4d/us-central1/api/items-2025-06-18T23:54:37.539Z"],"workRunningCount":1}
[debug] [2025-06-18T23:54:37.540Z] Accepted request GET /whitelabelweb-c4f4d/us-central1/api/items --> us-central1-api
[debug] [2025-06-18T23:54:37.541Z] [functions] Runtime ready! Sending request! {"metadata":{"emulator":{"name":"functions"},"message":"[functions] Runtime ready! Sending request!"}}
[debug] [2025-06-18T23:54:37.541Z] [functions] Got req.url=/whitelabelweb-c4f4d/us-central1/api/items, mapping to path=/items {"metadata":{"emulator":{"name":"functions"},"message":"[functions] Got req.url=/whitelabelweb-c4f4d/us-central1/api/items, mapping to path=/items"}}
[debug] [2025-06-18T23:54:37.545Z] [worker-pool] addWorker(us-central1-api) {"metadata":{"emulator":{"name":"functions"},"message":"[worker-pool] addWorker(us-central1-api)"}}
[debug] [2025-06-18T23:54:37.545Z] [worker-pool] Adding worker with key us-central1-api, total=1 {"metadata":{"emulator":{"name":"functions"},"message":"[worker-pool] Adding worker with key us-central1-api, total=1"}}
[debug] [2025-06-18T23:54:38.059Z] [runtime-status] [15812] Resolved module firebase-admin {"declared":true,"installed":true,"version":"12.7.0","resolution":"/home/bpt/whitelabel/functions/node_modules/firebase-admin/lib/index.js"} {"metadata":{"emulator":{"name":"functions"},"function":{"name":"us-central1-api"},"extension":{},"message":"[runtime-status] [15812] Resolved module firebase-admin {\"declared\":true,\"installed\":true,\"version\":\"12.7.0\",\"resolution\":\"/home/bpt/whitelabel/functions/node_modules/firebase-admin/lib/index.js\"}"}}
[debug] [2025-06-18T23:54:38.060Z] [runtime-status] [15812] Resolved module firebase-functions {"declared":true,"installed":true,"version":"6.3.2","resolution":"/home/bpt/whitelabel/functions/node_modules/firebase-functions/lib/v2/index.js"} {"metadata":{"emulator":{"name":"functions"},"function":{"name":"us-central1-api"},"extension":{},"message":"[runtime-status] [15812] Resolved module firebase-functions {\"declared\":true,\"installed\":true,\"version\":\"6.3.2\",\"resolution\":\"/home/bpt/whitelabel/functions/node_modules/firebase-functions/lib/v2/index.js\"}"}}
[debug] [2025-06-18T23:54:38.060Z] [runtime-status] [15812] Outgoing network have been stubbed. [{"name":"http","status":"mocked"},{"name":"http","status":"mocked"},{"name":"https","status":"mocked"},{"name":"https","status":"mocked"},{"name":"net","status":"mocked"}] {"metadata":{"emulator":{"name":"functions"},"function":{"name":"us-central1-api"},"extension":{},"message":"[runtime-status] [15812] Outgoing network have been stubbed. [{\"name\":\"http\",\"status\":\"mocked\"},{\"name\":\"http\",\"status\":\"mocked\"},{\"name\":\"https\",\"status\":\"mocked\"},{\"name\":\"https\",\"status\":\"mocked\"},{\"name\":\"net\",\"status\":\"mocked\"}]"}}
[debug] [2025-06-18T23:54:38.061Z] [runtime-status] [15812] Resolved module firebase-functions {"declared":true,"installed":true,"version":"6.3.2","resolution":"/home/bpt/whitelabel/functions/node_modules/firebase-functions/lib/v2/index.js"} {"metadata":{"emulator":{"name":"functions"},"function":{"name":"us-central1-api"},"extension":{},"message":"[runtime-status] [15812] Resolved module firebase-functions {\"declared\":true,\"installed\":true,\"version\":\"6.3.2\",\"resolution\":\"/home/bpt/whitelabel/functions/node_modules/firebase-functions/lib/v2/index.js\"}"}}
[debug] [2025-06-18T23:54:38.224Z] [runtime-status] [15812] Checked functions.config() {"config":{}} {"metadata":{"emulator":{"name":"functions"},"function":{"name":"us-central1-api"},"extension":{},"message":"[runtime-status] [15812] Checked functions.config() {\"config\":{}}"}}
[debug] [2025-06-18T23:54:38.224Z] [runtime-status] [15812] firebase-functions has been stubbed. {"functionsResolution":{"declared":true,"installed":true,"version":"6.3.2","resolution":"/home/bpt/whitelabel/functions/node_modules/firebase-functions/lib/v2/index.js"}} {"metadata":{"emulator":{"name":"functions"},"function":{"name":"us-central1-api"},"extension":{},"message":"[runtime-status] [15812] firebase-functions has been stubbed. {\"functionsResolution\":{\"declared\":true,\"installed\":true,\"version\":\"6.3.2\",\"resolution\":\"/home/bpt/whitelabel/functions/node_modules/firebase-functions/lib/v2/index.js\"}}"}}
[debug] [2025-06-18T23:54:38.224Z] [runtime-status] [15812] Resolved module firebase-functions {"declared":true,"installed":true,"version":"6.3.2","resolution":"/home/bpt/whitelabel/functions/node_modules/firebase-functions/lib/v2/index.js"} {"metadata":{"emulator":{"name":"functions"},"function":{"name":"us-central1-api"},"extension":{},"message":"[runtime-status] [15812] Resolved module firebase-functions {\"declared\":true,\"installed\":true,\"version\":\"6.3.2\",\"resolution\":\"/home/bpt/whitelabel/functions/node_modules/firebase-functions/lib/v2/index.js\"}"}}
[debug] [2025-06-18T23:54:38.227Z] [runtime-status] [15812] Resolved module firebase-admin {"declared":true,"installed":true,"version":"12.7.0","resolution":"/home/bpt/whitelabel/functions/node_modules/firebase-admin/lib/index.js"} {"metadata":{"emulator":{"name":"functions"},"function":{"name":"us-central1-api"},"extension":{},"message":"[runtime-status] [15812] Resolved module firebase-admin {\"declared\":true,\"installed\":true,\"version\":\"12.7.0\",\"resolution\":\"/home/bpt/whitelabel/functions/node_modules/firebase-admin/lib/index.js\"}"}}
[debug] [2025-06-18T23:54:38.229Z] [runtime-status] [15812] Resolved module firebase-functions {"declared":true,"installed":true,"version":"6.3.2","resolution":"/home/bpt/whitelabel/functions/node_modules/firebase-functions/lib/v2/index.js"} {"metadata":{"emulator":{"name":"functions"},"function":{"name":"us-central1-api"},"extension":{},"message":"[runtime-status] [15812] Resolved module firebase-functions {\"declared\":true,\"installed\":true,\"version\":\"6.3.2\",\"resolution\":\"/home/bpt/whitelabel/functions/node_modules/firebase-functions/lib/v2/index.js\"}"}}
[debug] [2025-06-18T23:54:38.229Z] [runtime-status] [15812] firebase-admin has been stubbed. {"adminResolution":{"declared":true,"installed":true,"version":"12.7.0","resolution":"/home/bpt/whitelabel/functions/node_modules/firebase-admin/lib/index.js"}} {"metadata":{"emulator":{"name":"functions"},"function":{"name":"us-central1-api"},"extension":{},"message":"[runtime-status] [15812] firebase-admin has been stubbed. {\"adminResolution\":{\"declared\":true,\"installed\":true,\"version\":\"12.7.0\",\"resolution\":\"/home/bpt/whitelabel/functions/node_modules/firebase-admin/lib/index.js\"}}"}}
[debug] [2025-06-18T23:54:38.291Z] [runtime-status] [15812] initializeApp(DEFAULT) {"storageBucket":"whitelabelweb-c4f4d.firebasestorage.app","databaseURL":"https://whitelabelweb-c4f4d-default-rtdb.firebaseio.com","projectId":"whitelabelweb-c4f4d"} {"metadata":{"emulator":{"name":"functions"},"function":{"name":"us-central1-api"},"extension":{},"message":"[runtime-status] [15812] initializeApp(DEFAULT) {\"storageBucket\":\"whitelabelweb-c4f4d.firebasestorage.app\",\"databaseURL\":\"https://whitelabelweb-c4f4d-default-rtdb.firebaseio.com\",\"projectId\":\"whitelabelweb-c4f4d\"}"}}
[debug] [2025-06-18T23:54:38.297Z] [runtime-status] [15812] Functions runtime initialized. {"cwd":"/home/bpt/whitelabel/functions","node_version":"20.11.1"} {"metadata":{"emulator":{"name":"functions"},"function":{"name":"us-central1-api"},"extension":{},"message":"[runtime-status] [15812] Functions runtime initialized. {\"cwd\":\"/home/bpt/whitelabel/functions\",\"node_version\":\"20.11.1\"}"}}
[debug] [2025-06-18T23:54:38.297Z] [runtime-status] [15812] Listening to port: /tmp/fire_emu_c5ae1fce5529b063.sock {"metadata":{"emulator":{"name":"functions"},"function":{"name":"us-central1-api"},"extension":{},"message":"[runtime-status] [15812] Listening to port: /tmp/fire_emu_c5ae1fce5529b063.sock"}}
[debug] [2025-06-18T23:54:38.354Z] [worker-us-central1-api-a1b8892e-6c20-4af9-8fcd-dcbbe22c3f00]: IDLE {"metadata":{"emulator":{"name":"functions"},"function":{"name":"us-central1-api"},"extension":{},"message":"[worker-us-central1-api-a1b8892e-6c20-4af9-8fcd-dcbbe22c3f00]: IDLE"}}
[debug] [2025-06-18T23:54:38.354Z] [worker-pool] submitRequest(triggerId=us-central1-api) {"metadata":{"emulator":{"name":"functions"},"message":"[worker-pool] submitRequest(triggerId=us-central1-api)"}}
[info] i  functions: Beginning execution of "us-central1-api" {"metadata":{"emulator":{"name":"functions"},"function":{"name":"us-central1-api"},"extension":{},"message":"Beginning execution of \"us-central1-api\""}}
[debug] [2025-06-18T23:54:38.355Z] [worker-us-central1-api-a1b8892e-6c20-4af9-8fcd-dcbbe22c3f00]: BUSY {"metadata":{"emulator":{"name":"functions"},"function":{"name":"us-central1-api"},"extension":{},"message":"[worker-us-central1-api-a1b8892e-6c20-4af9-8fcd-dcbbe22c3f00]: BUSY"}}
[info] >  ðŸ”¥ CORS Middleware {"user":"ðŸ”¥ CORS Middleware","metadata":{"emulator":{"name":"functions"},"function":{"name":"us-central1-api"},"extension":{},"message":"\u001b[90m> \u001b[39m ðŸ”¥ CORS Middleware"}}
[warn] âš   functions: The Realtime Database emulator is not running, so calls to Realtime Database will affect production. {"metadata":{"emulator":{"name":"functions"},"function":{"name":"us-central1-api"},"extension":{},"message":"The Realtime Database emulator is not running, so calls to Realtime Database will affect production."}}
[debug] [2025-06-18T23:54:38.962Z] Finishing up request with event=pause {"metadata":{"emulator":{"name":"functions"},"function":{"name":"us-central1-api"},"extension":{},"message":"Finishing up request with event=pause"}}
[info] i  functions: Finished "us-central1-api" in 607.380154ms {"metadata":{"emulator":{"name":"functions"},"function":{"name":"us-central1-api"},"extension":{},"message":"Finished \"us-central1-api\" in 607.380154ms"}}
[debug] [2025-06-18T23:54:38.962Z] [worker-us-central1-api-a1b8892e-6c20-4af9-8fcd-dcbbe22c3f00]: IDLE {"metadata":{"emulator":{"name":"functions"},"function":{"name":"us-central1-api"},"extension":{},"message":"[worker-us-central1-api-a1b8892e-6c20-4af9-8fcd-dcbbe22c3f00]: IDLE"}}
[debug] [2025-06-18T23:54:38.963Z] Finishing up request with event=finish {"metadata":{"emulator":{"name":"functions"},"function":{"name":"us-central1-api"},"extension":{},"message":"Finishing up request with event=finish"}}
[debug] [2025-06-18T23:54:38.963Z] Finishing up request with event=close {"metadata":{"emulator":{"name":"functions"},"function":{"name":"us-central1-api"},"extension":{},"message":"Finishing up request with event=close"}}
[debug] [2025-06-18T23:54:38.963Z] [work-queue] {"queuedWork":[],"queueLength":0,"runningWork":[],"workRunningCount":0}
[debug] [2025-06-18T23:54:40.382Z] [work-queue] {"queuedWork":["/whitelabelweb-c4f4d/us-central1/api/users/self-2025-06-18T23:54:40.382Z"],"queueLength":1,"runningWork":[],"workRunningCount":0}
[debug] [2025-06-18T23:54:40.383Z] [work-queue] {"queuedWork":[],"queueLength":0,"runningWork":["/whitelabelweb-c4f4d/us-central1/api/users/self-2025-06-18T23:54:40.382Z"],"workRunningCount":1}
[debug] [2025-06-18T23:54:40.383Z] Accepted request OPTIONS /whitelabelweb-c4f4d/us-central1/api/users/self --> us-central1-api
[debug] [2025-06-18T23:54:40.383Z] [functions] Runtime ready! Sending request! {"metadata":{"emulator":{"name":"functions"},"message":"[functions] Runtime ready! Sending request!"}}
[debug] [2025-06-18T23:54:40.384Z] [functions] Got req.url=/whitelabelweb-c4f4d/us-central1/api/users/self, mapping to path=/users/self {"metadata":{"emulator":{"name":"functions"},"message":"[functions] Got req.url=/whitelabelweb-c4f4d/us-central1/api/users/self, mapping to path=/users/self"}}
[debug] [2025-06-18T23:54:40.384Z] [worker-pool] submitRequest(triggerId=us-central1-api) {"metadata":{"emulator":{"name":"functions"},"message":"[worker-pool] submitRequest(triggerId=us-central1-api)"}}
[info] i  functions: Beginning execution of "us-central1-api" {"metadata":{"emulator":{"name":"functions"},"function":{"name":"us-central1-api"},"extension":{},"message":"Beginning execution of \"us-central1-api\""}}
[debug] [2025-06-18T23:54:40.384Z] [worker-us-central1-api-a1b8892e-6c20-4af9-8fcd-dcbbe22c3f00]: BUSY {"metadata":{"emulator":{"name":"functions"},"function":{"name":"us-central1-api"},"extension":{},"message":"[worker-us-central1-api-a1b8892e-6c20-4af9-8fcd-dcbbe22c3f00]: BUSY"}}
[debug] [2025-06-18T23:54:40.386Z] Finishing up request with event=pause {"metadata":{"emulator":{"name":"functions"},"function":{"name":"us-central1-api"},"extension":{},"message":"Finishing up request with event=pause"}}
[info] i  functions: Finished "us-central1-api" in 2.7208ms {"metadata":{"emulator":{"name":"functions"},"function":{"name":"us-central1-api"},"extension":{},"message":"Finished \"us-central1-api\" in 2.7208ms"}}
[debug] [2025-06-18T23:54:40.387Z] [worker-us-central1-api-a1b8892e-6c20-4af9-8fcd-dcbbe22c3f00]: IDLE {"metadata":{"emulator":{"name":"functions"},"function":{"name":"us-central1-api"},"extension":{},"message":"[worker-us-central1-api-a1b8892e-6c20-4af9-8fcd-dcbbe22c3f00]: IDLE"}}
[debug] [2025-06-18T23:54:40.387Z] Finishing up request with event=finish {"metadata":{"emulator":{"name":"functions"},"function":{"name":"us-central1-api"},"extension":{},"message":"Finishing up request with event=finish"}}
[debug] [2025-06-18T23:54:40.387Z] Finishing up request with event=close {"metadata":{"emulator":{"name":"functions"},"function":{"name":"us-central1-api"},"extension":{},"message":"Finishing up request with event=close"}}
[debug] [2025-06-18T23:54:40.387Z] [work-queue] {"queuedWork":[],"queueLength":0,"runningWork":[],"workRunningCount":0}
[debug] [2025-06-18T23:54:40.390Z] [work-queue] {"queuedWork":["/whitelabelweb-c4f4d/us-central1/api/users/self-2025-06-18T23:54:40.390Z"],"queueLength":1,"runningWork":[],"workRunningCount":0}
[debug] [2025-06-18T23:54:40.391Z] [work-queue] {"queuedWork":[],"queueLength":0,"runningWork":["/whitelabelweb-c4f4d/us-central1/api/users/self-2025-06-18T23:54:40.390Z"],"workRunningCount":1}
[debug] [2025-06-18T23:54:40.391Z] Accepted request GET /whitelabelweb-c4f4d/us-central1/api/users/self --> us-central1-api
[debug] [2025-06-18T23:54:40.393Z] [functions] Runtime ready! Sending request! {"metadata":{"emulator":{"name":"functions"},"message":"[functions] Runtime ready! Sending request!"}}
[debug] [2025-06-18T23:54:40.394Z] [functions] Got req.url=/whitelabelweb-c4f4d/us-central1/api/users/self, mapping to path=/users/self {"metadata":{"emulator":{"name":"functions"},"message":"[functions] Got req.url=/whitelabelweb-c4f4d/us-central1/api/users/self, mapping to path=/users/self"}}
[debug] [2025-06-18T23:54:40.394Z] [worker-pool] submitRequest(triggerId=us-central1-api) {"metadata":{"emulator":{"name":"functions"},"message":"[worker-pool] submitRequest(triggerId=us-central1-api)"}}
[info] i  functions: Beginning execution of "us-central1-api" {"metadata":{"emulator":{"name":"functions"},"function":{"name":"us-central1-api"},"extension":{},"message":"Beginning execution of \"us-central1-api\""}}
[debug] [2025-06-18T23:54:40.394Z] [worker-us-central1-api-a1b8892e-6c20-4af9-8fcd-dcbbe22c3f00]: BUSY {"metadata":{"emulator":{"name":"functions"},"function":{"name":"us-central1-api"},"extension":{},"message":"[worker-us-central1-api-a1b8892e-6c20-4af9-8fcd-dcbbe22c3f00]: BUSY"}}
[info] >  ðŸ”¥ CORS Middleware {"user":"ðŸ”¥ CORS Middleware","metadata":{"emulator":{"name":"functions"},"function":{"name":"us-central1-api"},"extension":{},"message":"\u001b[90m> \u001b[39m ðŸ”¥ CORS Middleware"}}
[info] >  checkIfLoggedIn !!!!!!!!!!!! {"user":"checkIfLoggedIn !!!!!!!!!!!!","metadata":{"emulator":{"name":"functions"},"function":{"name":"us-central1-api"},"extension":{},"message":"\u001b[90m> \u001b[39m checkIfLoggedIn !!!!!!!!!!!!"}}
[warn] âš   functions: The Firebase Authentication emulator is not running, so calls to Firebase Authentication will affect production. {"metadata":{"emulator":{"name":"functions"},"function":{"name":"us-central1-api"},"extension":{},"message":"The Firebase Authentication emulator is not running, so calls to Firebase Authentication will affect production."}}
[info] >  PASS {"user":"PASS","metadata":{"emulator":{"name":"functions"},"function":{"name":"us-central1-api"},"extension":{},"message":"\u001b[90m> \u001b[39m PASS"}}
[info] >  /self !!!!!!!!!!!!!!!!!!!!! {"user":"/self !!!!!!!!!!!!!!!!!!!!!","metadata":{"emulator":{"name":"functions"},"function":{"name":"us-central1-api"},"extension":{},"message":"\u001b[90m> \u001b[39m /self !!!!!!!!!!!!!!!!!!!!!"}}
[debug] [2025-06-18T23:54:40.424Z] Finishing up request with event=pause {"metadata":{"emulator":{"name":"functions"},"function":{"name":"us-central1-api"},"extension":{},"message":"Finishing up request with event=pause"}}
[info] i  functions: Finished "us-central1-api" in 30.720687ms {"metadata":{"emulator":{"name":"functions"},"function":{"name":"us-central1-api"},"extension":{},"message":"Finished \"us-central1-api\" in 30.720687ms"}}
[debug] [2025-06-18T23:54:40.425Z] [worker-us-central1-api-a1b8892e-6c20-4af9-8fcd-dcbbe22c3f00]: IDLE {"metadata":{"emulator":{"name":"functions"},"function":{"name":"us-central1-api"},"extension":{},"message":"[worker-us-central1-api-a1b8892e-6c20-4af9-8fcd-dcbbe22c3f00]: IDLE"}}
[debug] [2025-06-18T23:54:40.425Z] Finishing up request with event=finish {"metadata":{"emulator":{"name":"functions"},"function":{"name":"us-central1-api"},"extension":{},"message":"Finishing up request with event=finish"}}
[debug] [2025-06-18T23:54:40.425Z] Finishing up request with event=close {"metadata":{"emulator":{"name":"functions"},"function":{"name":"us-central1-api"},"extension":{},"message":"Finishing up request with event=close"}}
[debug] [2025-06-18T23:54:40.425Z] [work-queue] {"queuedWork":[],"queueLength":0,"runningWork":[],"workRunningCount":0}
[debug] [2025-06-18T23:54:58.510Z] [work-queue] {"queuedWork":["/whitelabelweb-c4f4d/us-central1/api/items-2025-06-18T23:54:58.510Z"],"queueLength":1,"runningWork":[],"workRunningCount":0}
[debug] [2025-06-18T23:54:58.510Z] [work-queue] {"queuedWork":[],"queueLength":0,"runningWork":["/whitelabelweb-c4f4d/us-central1/api/items-2025-06-18T23:54:58.510Z"],"workRunningCount":1}
[debug] [2025-06-18T23:54:58.510Z] Accepted request GET /whitelabelweb-c4f4d/us-central1/api/items --> us-central1-api
[debug] [2025-06-18T23:54:58.512Z] [functions] Runtime ready! Sending request! {"metadata":{"emulator":{"name":"functions"},"message":"[functions] Runtime ready! Sending request!"}}
[debug] [2025-06-18T23:54:58.512Z] [functions] Got req.url=/whitelabelweb-c4f4d/us-central1/api/items, mapping to path=/items {"metadata":{"emulator":{"name":"functions"},"message":"[functions] Got req.url=/whitelabelweb-c4f4d/us-central1/api/items, mapping to path=/items"}}
[debug] [2025-06-18T23:54:58.512Z] [worker-pool] submitRequest(triggerId=us-central1-api) {"metadata":{"emulator":{"name":"functions"},"message":"[worker-pool] submitRequest(triggerId=us-central1-api)"}}
[info] i  functions: Beginning execution of "us-central1-api" {"metadata":{"emulator":{"name":"functions"},"function":{"name":"us-central1-api"},"extension":{},"message":"Beginning execution of \"us-central1-api\""}}
[debug] [2025-06-18T23:54:58.512Z] [worker-us-central1-api-a1b8892e-6c20-4af9-8fcd-dcbbe22c3f00]: BUSY {"metadata":{"emulator":{"name":"functions"},"function":{"name":"us-central1-api"},"extension":{},"message":"[worker-us-central1-api-a1b8892e-6c20-4af9-8fcd-dcbbe22c3f00]: BUSY"}}
[info] >  ðŸ”¥ CORS Middleware {"user":"ðŸ”¥ CORS Middleware","metadata":{"emulator":{"name":"functions"},"function":{"name":"us-central1-api"},"extension":{},"message":"\u001b[90m> \u001b[39m ðŸ”¥ CORS Middleware"}}
[debug] [2025-06-18T23:54:58.586Z] Finishing up request with event=pause {"metadata":{"emulator":{"name":"functions"},"function":{"name":"us-central1-api"},"extension":{},"message":"Finishing up request with event=pause"}}
[info] i  functions: Finished "us-central1-api" in 74.457142ms {"metadata":{"emulator":{"name":"functions"},"function":{"name":"us-central1-api"},"extension":{},"message":"Finished \"us-central1-api\" in 74.457142ms"}}
[debug] [2025-06-18T23:54:58.587Z] [worker-us-central1-api-a1b8892e-6c20-4af9-8fcd-dcbbe22c3f00]: IDLE {"metadata":{"emulator":{"name":"functions"},"function":{"name":"us-central1-api"},"extension":{},"message":"[worker-us-central1-api-a1b8892e-6c20-4af9-8fcd-dcbbe22c3f00]: IDLE"}}
[debug] [2025-06-18T23:54:58.587Z] Finishing up request with event=finish {"metadata":{"emulator":{"name":"functions"},"function":{"name":"us-central1-api"},"extension":{},"message":"Finishing up request with event=finish"}}
[debug] [2025-06-18T23:54:58.587Z] Finishing up request with event=close {"metadata":{"emulator":{"name":"functions"},"function":{"name":"us-central1-api"},"extension":{},"message":"Finishing up request with event=close"}}
[debug] [2025-06-18T23:54:58.587Z] [work-queue] {"queuedWork":[],"queueLength":0,"runningWork":[],"workRunningCount":0}
[debug] [2025-06-18T23:54:59.449Z] [work-queue] {"queuedWork":["/whitelabelweb-c4f4d/us-central1/api/users/self-2025-06-18T23:54:59.449Z"],"queueLength":1,"runningWork":[],"workRunningCount":0}
[debug] [2025-06-18T23:54:59.449Z] [work-queue] {"queuedWork":[],"queueLength":0,"runningWork":["/whitelabelweb-c4f4d/us-central1/api/users/self-2025-06-18T23:54:59.449Z"],"workRunningCount":1}
[debug] [2025-06-18T23:54:59.449Z] Accepted request OPTIONS /whitelabelweb-c4f4d/us-central1/api/users/self --> us-central1-api
[debug] [2025-06-18T23:54:59.450Z] [functions] Runtime ready! Sending request! {"metadata":{"emulator":{"name":"functions"},"message":"[functions] Runtime ready! Sending request!"}}
[debug] [2025-06-18T23:54:59.450Z] [functions] Got req.url=/whitelabelweb-c4f4d/us-central1/api/users/self, mapping to path=/users/self {"metadata":{"emulator":{"name":"functions"},"message":"[functions] Got req.url=/whitelabelweb-c4f4d/us-central1/api/users/self, mapping to path=/users/self"}}
[debug] [2025-06-18T23:54:59.450Z] [worker-pool] submitRequest(triggerId=us-central1-api) {"metadata":{"emulator":{"name":"functions"},"message":"[worker-pool] submitRequest(triggerId=us-central1-api)"}}
[info] i  functions: Beginning execution of "us-central1-api" {"metadata":{"emulator":{"name":"functions"},"function":{"name":"us-central1-api"},"extension":{},"message":"Beginning execution of \"us-central1-api\""}}
[debug] [2025-06-18T23:54:59.450Z] [worker-us-central1-api-a1b8892e-6c20-4af9-8fcd-dcbbe22c3f00]: BUSY {"metadata":{"emulator":{"name":"functions"},"function":{"name":"us-central1-api"},"extension":{},"message":"[worker-us-central1-api-a1b8892e-6c20-4af9-8fcd-dcbbe22c3f00]: BUSY"}}
[debug] [2025-06-18T23:54:59.452Z] Finishing up request with event=pause {"metadata":{"emulator":{"name":"functions"},"function":{"name":"us-central1-api"},"extension":{},"message":"Finishing up request with event=pause"}}
[info] i  functions: Finished "us-central1-api" in 2.057034ms {"metadata":{"emulator":{"name":"functions"},"function":{"name":"us-central1-api"},"extension":{},"message":"Finished \"us-central1-api\" in 2.057034ms"}}
[debug] [2025-06-18T23:54:59.452Z] [worker-us-central1-api-a1b8892e-6c20-4af9-8fcd-dcbbe22c3f00]: IDLE {"metadata":{"emulator":{"name":"functions"},"function":{"name":"us-central1-api"},"extension":{},"message":"[worker-us-central1-api-a1b8892e-6c20-4af9-8fcd-dcbbe22c3f00]: IDLE"}}
[debug] [2025-06-18T23:54:59.452Z] Finishing up request with event=finish {"metadata":{"emulator":{"name":"functions"},"function":{"name":"us-central1-api"},"extension":{},"message":"Finishing up request with event=finish"}}
[debug] [2025-06-18T23:54:59.452Z] Finishing up request with event=close {"metadata":{"emulator":{"name":"functions"},"function":{"name":"us-central1-api"},"extension":{},"message":"Finishing up request with event=close"}}
[debug] [2025-06-18T23:54:59.452Z] [work-queue] {"queuedWork":[],"queueLength":0,"runningWork":[],"workRunningCount":0}
[debug] [2025-06-18T23:54:59.455Z] [work-queue] {"queuedWork":["/whitelabelweb-c4f4d/us-central1/api/users/self-2025-06-18T23:54:59.455Z"],"queueLength":1,"runningWork":[],"workRunningCount":0}
[debug] [2025-06-18T23:54:59.455Z] [work-queue] {"queuedWork":[],"queueLength":0,"runningWork":["/whitelabelweb-c4f4d/us-central1/api/users/self-2025-06-18T23:54:59.455Z"],"workRunningCount":1}
[debug] [2025-06-18T23:54:59.455Z] Accepted request GET /whitelabelweb-c4f4d/us-central1/api/users/self --> us-central1-api
[debug] [2025-06-18T23:54:59.457Z] [functions] Runtime ready! Sending request! {"metadata":{"emulator":{"name":"functions"},"message":"[functions] Runtime ready! Sending request!"}}
[debug] [2025-06-18T23:54:59.457Z] [functions] Got req.url=/whitelabelweb-c4f4d/us-central1/api/users/self, mapping to path=/users/self {"metadata":{"emulator":{"name":"functions"},"message":"[functions] Got req.url=/whitelabelweb-c4f4d/us-central1/api/users/self, mapping to path=/users/self"}}
[debug] [2025-06-18T23:54:59.457Z] [worker-pool] submitRequest(triggerId=us-central1-api) {"metadata":{"emulator":{"name":"functions"},"message":"[worker-pool] submitRequest(triggerId=us-central1-api)"}}
[info] i  functions: Beginning execution of "us-central1-api" {"metadata":{"emulator":{"name":"functions"},"function":{"name":"us-central1-api"},"extension":{},"message":"Beginning execution of \"us-central1-api\""}}
[debug] [2025-06-18T23:54:59.457Z] [worker-us-central1-api-a1b8892e-6c20-4af9-8fcd-dcbbe22c3f00]: BUSY {"metadata":{"emulator":{"name":"functions"},"function":{"name":"us-central1-api"},"extension":{},"message":"[worker-us-central1-api-a1b8892e-6c20-4af9-8fcd-dcbbe22c3f00]: BUSY"}}
[info] >  ðŸ”¥ CORS Middleware {"user":"ðŸ”¥ CORS Middleware","metadata":{"emulator":{"name":"functions"},"function":{"name":"us-central1-api"},"extension":{},"message":"\u001b[90m> \u001b[39m ðŸ”¥ CORS Middleware"}}
[info] >  checkIfLoggedIn !!!!!!!!!!!! {"user":"checkIfLoggedIn !!!!!!!!!!!!","metadata":{"emulator":{"name":"functions"},"function":{"name":"us-central1-api"},"extension":{},"message":"\u001b[90m> \u001b[39m checkIfLoggedIn !!!!!!!!!!!!"}}
[info] >  PASS {"user":"PASS","metadata":{"emulator":{"name":"functions"},"function":{"name":"us-central1-api"},"extension":{},"message":"\u001b[90m> \u001b[39m PASS"}}
[info] >  /self !!!!!!!!!!!!!!!!!!!!! {"user":"/self !!!!!!!!!!!!!!!!!!!!!","metadata":{"emulator":{"name":"functions"},"function":{"name":"us-central1-api"},"extension":{},"message":"\u001b[90m> \u001b[39m /self !!!!!!!!!!!!!!!!!!!!!"}}
[debug] [2025-06-18T23:54:59.461Z] Finishing up request with event=pause {"metadata":{"emulator":{"name":"functions"},"function":{"name":"us-central1-api"},"extension":{},"message":"Finishing up request with event=pause"}}
[info] i  functions: Finished "us-central1-api" in 4.103378ms {"metadata":{"emulator":{"name":"functions"},"function":{"name":"us-central1-api"},"extension":{},"message":"Finished \"us-central1-api\" in 4.103378ms"}}
[debug] [2025-06-18T23:54:59.461Z] [worker-us-central1-api-a1b8892e-6c20-4af9-8fcd-dcbbe22c3f00]: IDLE {"metadata":{"emulator":{"name":"functions"},"function":{"name":"us-central1-api"},"extension":{},"message":"[worker-us-central1-api-a1b8892e-6c20-4af9-8fcd-dcbbe22c3f00]: IDLE"}}
[debug] [2025-06-18T23:54:59.462Z] Finishing up request with event=finish {"metadata":{"emulator":{"name":"functions"},"function":{"name":"us-central1-api"},"extension":{},"message":"Finishing up request with event=finish"}}
[debug] [2025-06-18T23:54:59.462Z] Finishing up request with event=close {"metadata":{"emulator":{"name":"functions"},"function":{"name":"us-central1-api"},"extension":{},"message":"Finishing up request with event=close"}}
[debug] [2025-06-18T23:54:59.462Z] [work-queue] {"queuedWork":[],"queueLength":0,"runningWork":[],"workRunningCount":0}
[debug] [2025-06-18T23:55:29.501Z] [work-queue] {"queuedWork":["/whitelabelweb-c4f4d/us-central1/api/items-2025-06-18T23:55:29.501Z"],"queueLength":1,"runningWork":[],"workRunningCount":0}
[debug] [2025-06-18T23:55:29.501Z] [work-queue] {"queuedWork":[],"queueLength":0,"runningWork":["/whitelabelweb-c4f4d/us-central1/api/items-2025-06-18T23:55:29.501Z"],"workRunningCount":1}
[debug] [2025-06-18T23:55:29.501Z] Accepted request GET /whitelabelweb-c4f4d/us-central1/api/items --> us-central1-api
[debug] [2025-06-18T23:55:29.505Z] [functions] Runtime ready! Sending request! {"metadata":{"emulator":{"name":"functions"},"message":"[functions] Runtime ready! Sending request!"}}
[debug] [2025-06-18T23:55:29.506Z] [functions] Got req.url=/whitelabelweb-c4f4d/us-central1/api/items, mapping to path=/items {"metadata":{"emulator":{"name":"functions"},"message":"[functions] Got req.url=/whitelabelweb-c4f4d/us-central1/api/items, mapping to path=/items"}}
[debug] [2025-06-18T23:55:29.506Z] [worker-pool] submitRequest(triggerId=us-central1-api) {"metadata":{"emulator":{"name":"functions"},"message":"[worker-pool] submitRequest(triggerId=us-central1-api)"}}
[info] i  functions: Beginning execution of "us-central1-api" {"metadata":{"emulator":{"name":"functions"},"function":{"name":"us-central1-api"},"extension":{},"message":"Beginning execution of \"us-central1-api\""}}
[debug] [2025-06-18T23:55:29.507Z] [worker-us-central1-api-a1b8892e-6c20-4af9-8fcd-dcbbe22c3f00]: BUSY {"metadata":{"emulator":{"name":"functions"},"function":{"name":"us-central1-api"},"extension":{},"message":"[worker-us-central1-api-a1b8892e-6c20-4af9-8fcd-dcbbe22c3f00]: BUSY"}}
[info] >  ðŸ”¥ CORS Middleware {"user":"ðŸ”¥ CORS Middleware","metadata":{"emulator":{"name":"functions"},"function":{"name":"us-central1-api"},"extension":{},"message":"\u001b[90m> \u001b[39m ðŸ”¥ CORS Middleware"}}
[debug] [2025-06-18T23:55:29.585Z] Finishing up request with event=pause {"metadata":{"emulator":{"name":"functions"},"function":{"name":"us-central1-api"},"extension":{},"message":"Finishing up request with event=pause"}}
[info] i  functions: Finished "us-central1-api" in 78.210061ms {"metadata":{"emulator":{"name":"functions"},"function":{"name":"us-central1-api"},"extension":{},"message":"Finished \"us-central1-api\" in 78.210061ms"}}
[debug] [2025-06-18T23:55:29.585Z] [worker-us-central1-api-a1b8892e-6c20-4af9-8fcd-dcbbe22c3f00]: IDLE {"metadata":{"emulator":{"name":"functions"},"function":{"name":"us-central1-api"},"extension":{},"message":"[worker-us-central1-api-a1b8892e-6c20-4af9-8fcd-dcbbe22c3f00]: IDLE"}}
[debug] [2025-06-18T23:55:29.585Z] Finishing up request with event=finish {"metadata":{"emulator":{"name":"functions"},"function":{"name":"us-central1-api"},"extension":{},"message":"Finishing up request with event=finish"}}
[debug] [2025-06-18T23:55:29.585Z] Finishing up request with event=close {"metadata":{"emulator":{"name":"functions"},"function":{"name":"us-central1-api"},"extension":{},"message":"Finishing up request with event=close"}}
[debug] [2025-06-18T23:55:29.585Z] [work-queue] {"queuedWork":[],"queueLength":0,"runningWork":[],"workRunningCount":0}
