[debug] [2025-06-19T22:28:13.748Z] ----------------------------------------------------------------------
[debug] [2025-06-19T22:28:13.749Z] Command:       /usr/bin/node /usr/bin/firebase deploy --only functions
[debug] [2025-06-19T22:28:13.749Z] CLI Version:   13.25.0
[debug] [2025-06-19T22:28:13.750Z] Platform:      linux
[debug] [2025-06-19T22:28:13.750Z] Node Version:  v20.11.1
[debug] [2025-06-19T22:28:13.750Z] Time:          Thu Jun 19 2025 16:28:13 GMT-0600 (Mountain Daylight Time)
[debug] [2025-06-19T22:28:13.750Z] ----------------------------------------------------------------------
[debug] 
[debug] [2025-06-19T22:28:13.790Z] > command requires scopes: ["email","openid","https://www.googleapis.com/auth/cloudplatformprojects.readonly","https://www.googleapis.com/auth/firebase","https://www.googleapis.com/auth/cloud-platform"]
[debug] [2025-06-19T22:28:13.791Z] > authorizing via signed-in user (topedgedev@gmail.com)
[debug] [2025-06-19T22:28:13.791Z] [iam] checking project whitelabelweb-c4f4d for permissions ["cloudfunctions.functions.create","cloudfunctions.functions.delete","cloudfunctions.functions.get","cloudfunctions.functions.list","cloudfunctions.functions.update","cloudfunctions.operations.get","firebase.projects.get"]
[debug] [2025-06-19T22:28:13.791Z] Checked if tokens are valid: true, expires at: 1750374009913
[debug] [2025-06-19T22:28:13.792Z] Checked if tokens are valid: true, expires at: 1750374009913
[debug] [2025-06-19T22:28:13.792Z] >>> [apiv2][query] POST https://cloudresourcemanager.googleapis.com/v1/projects/whitelabelweb-c4f4d:testIamPermissions [none]
[debug] [2025-06-19T22:28:13.792Z] >>> [apiv2][(partial)header] POST https://cloudresourcemanager.googleapis.com/v1/projects/whitelabelweb-c4f4d:testIamPermissions x-goog-quota-user=projects/whitelabelweb-c4f4d
[debug] [2025-06-19T22:28:13.792Z] >>> [apiv2][body] POST https://cloudresourcemanager.googleapis.com/v1/projects/whitelabelweb-c4f4d:testIamPermissions {"permissions":["cloudfunctions.functions.create","cloudfunctions.functions.delete","cloudfunctions.functions.get","cloudfunctions.functions.list","cloudfunctions.functions.update","cloudfunctions.operations.get","firebase.projects.get"]}
[debug] [2025-06-19T22:28:14.027Z] <<< [apiv2][status] POST https://cloudresourcemanager.googleapis.com/v1/projects/whitelabelweb-c4f4d:testIamPermissions 200
[debug] [2025-06-19T22:28:14.027Z] <<< [apiv2][body] POST https://cloudresourcemanager.googleapis.com/v1/projects/whitelabelweb-c4f4d:testIamPermissions {"permissions":["cloudfunctions.functions.create","cloudfunctions.functions.delete","cloudfunctions.functions.get","cloudfunctions.functions.list","cloudfunctions.functions.update","cloudfunctions.operations.get","firebase.projects.get"]}
[debug] [2025-06-19T22:28:14.027Z] Checked if tokens are valid: true, expires at: 1750374009913
[debug] [2025-06-19T22:28:14.027Z] Checked if tokens are valid: true, expires at: 1750374009913
[debug] [2025-06-19T22:28:14.028Z] >>> [apiv2][query] POST https://iam.googleapis.com/v1/projects/whitelabelweb-c4f4d/serviceAccounts/whitelabelweb-c4f4d@appspot.gserviceaccount.com:testIamPermissions [none]
[debug] [2025-06-19T22:28:14.028Z] >>> [apiv2][body] POST https://iam.googleapis.com/v1/projects/whitelabelweb-c4f4d/serviceAccounts/whitelabelweb-c4f4d@appspot.gserviceaccount.com:testIamPermissions {"permissions":["iam.serviceAccounts.actAs"]}
[debug] [2025-06-19T22:28:14.417Z] <<< [apiv2][status] POST https://iam.googleapis.com/v1/projects/whitelabelweb-c4f4d/serviceAccounts/whitelabelweb-c4f4d@appspot.gserviceaccount.com:testIamPermissions 200
[debug] [2025-06-19T22:28:14.417Z] <<< [apiv2][body] POST https://iam.googleapis.com/v1/projects/whitelabelweb-c4f4d/serviceAccounts/whitelabelweb-c4f4d@appspot.gserviceaccount.com:testIamPermissions {"permissions":["iam.serviceAccounts.actAs"]}
[info] 
[info] === Deploying to 'whitelabelweb-c4f4d'...
[info] 
[info] i  deploying functions 
[debug] [2025-06-19T22:28:14.426Z] Checked if tokens are valid: true, expires at: 1750374009913
[debug] [2025-06-19T22:28:14.426Z] Checked if tokens are valid: true, expires at: 1750374009913
[debug] [2025-06-19T22:28:14.426Z] >>> [apiv2][query] GET https://firebase.googleapis.com/v1beta1/projects/whitelabelweb-c4f4d [none]
[debug] [2025-06-19T22:28:14.927Z] <<< [apiv2][status] GET https://firebase.googleapis.com/v1beta1/projects/whitelabelweb-c4f4d 200
[debug] [2025-06-19T22:28:14.927Z] <<< [apiv2][body] GET https://firebase.googleapis.com/v1beta1/projects/whitelabelweb-c4f4d {"projectId":"whitelabelweb-c4f4d","projectNumber":"658394151913","displayName":"whiteLabelweb","name":"projects/whitelabelweb-c4f4d","resources":{"hostingSite":"whitelabelweb-c4f4d","realtimeDatabaseInstance":"whitelabelweb-c4f4d-default-rtdb"},"state":"ACTIVE","etag":"1_d4939574-00ce-4237-ae03-b4fca255cfa3"}
[info] i  functions: preparing codebase default for deployment 
[info] i  functions: ensuring required API cloudfunctions.googleapis.com is enabled... 
[debug] [2025-06-19T22:28:14.929Z] Checked if tokens are valid: true, expires at: 1750374009913
[debug] [2025-06-19T22:28:14.929Z] Checked if tokens are valid: true, expires at: 1750374009913
[debug] [2025-06-19T22:28:14.929Z] Checked if tokens are valid: true, expires at: 1750374009913
[debug] [2025-06-19T22:28:14.929Z] Checked if tokens are valid: true, expires at: 1750374009913
[info] i  functions: ensuring required API cloudbuild.googleapis.com is enabled... 
[debug] [2025-06-19T22:28:14.930Z] Checked if tokens are valid: true, expires at: 1750374009913
[debug] [2025-06-19T22:28:14.930Z] Checked if tokens are valid: true, expires at: 1750374009913
[info] i  artifactregistry: ensuring required API artifactregistry.googleapis.com is enabled... 
[debug] [2025-06-19T22:28:14.930Z] Checked if tokens are valid: true, expires at: 1750374009913
[debug] [2025-06-19T22:28:14.930Z] Checked if tokens are valid: true, expires at: 1750374009913
[debug] [2025-06-19T22:28:14.930Z] >>> [apiv2][query] GET https://serviceusage.googleapis.com/v1/projects/whitelabelweb-c4f4d/services/cloudfunctions.googleapis.com [none]
[debug] [2025-06-19T22:28:14.930Z] >>> [apiv2][(partial)header] GET https://serviceusage.googleapis.com/v1/projects/whitelabelweb-c4f4d/services/cloudfunctions.googleapis.com x-goog-quota-user=projects/whitelabelweb-c4f4d
[debug] [2025-06-19T22:28:14.932Z] >>> [apiv2][query] GET https://serviceusage.googleapis.com/v1/projects/whitelabelweb-c4f4d/services/runtimeconfig.googleapis.com [none]
[debug] [2025-06-19T22:28:14.932Z] >>> [apiv2][(partial)header] GET https://serviceusage.googleapis.com/v1/projects/whitelabelweb-c4f4d/services/runtimeconfig.googleapis.com x-goog-quota-user=projects/whitelabelweb-c4f4d
[debug] [2025-06-19T22:28:14.933Z] >>> [apiv2][query] GET https://serviceusage.googleapis.com/v1/projects/whitelabelweb-c4f4d/services/cloudbuild.googleapis.com [none]
[debug] [2025-06-19T22:28:14.933Z] >>> [apiv2][(partial)header] GET https://serviceusage.googleapis.com/v1/projects/whitelabelweb-c4f4d/services/cloudbuild.googleapis.com x-goog-quota-user=projects/whitelabelweb-c4f4d
[debug] [2025-06-19T22:28:14.934Z] >>> [apiv2][query] GET https://serviceusage.googleapis.com/v1/projects/whitelabelweb-c4f4d/services/artifactregistry.googleapis.com [none]
[debug] [2025-06-19T22:28:14.934Z] >>> [apiv2][(partial)header] GET https://serviceusage.googleapis.com/v1/projects/whitelabelweb-c4f4d/services/artifactregistry.googleapis.com x-goog-quota-user=projects/whitelabelweb-c4f4d
[debug] [2025-06-19T22:28:15.387Z] <<< [apiv2][status] GET https://serviceusage.googleapis.com/v1/projects/whitelabelweb-c4f4d/services/cloudfunctions.googleapis.com 200
[debug] [2025-06-19T22:28:15.387Z] <<< [apiv2][body] GET https://serviceusage.googleapis.com/v1/projects/whitelabelweb-c4f4d/services/cloudfunctions.googleapis.com [omitted]
[info] ✔  functions: required API cloudfunctions.googleapis.com is enabled 
[debug] [2025-06-19T22:28:15.388Z] <<< [apiv2][status] GET https://serviceusage.googleapis.com/v1/projects/whitelabelweb-c4f4d/services/runtimeconfig.googleapis.com 200
[debug] [2025-06-19T22:28:15.388Z] <<< [apiv2][body] GET https://serviceusage.googleapis.com/v1/projects/whitelabelweb-c4f4d/services/runtimeconfig.googleapis.com [omitted]
[debug] [2025-06-19T22:28:15.389Z] <<< [apiv2][status] GET https://serviceusage.googleapis.com/v1/projects/whitelabelweb-c4f4d/services/artifactregistry.googleapis.com 200
[debug] [2025-06-19T22:28:15.389Z] <<< [apiv2][body] GET https://serviceusage.googleapis.com/v1/projects/whitelabelweb-c4f4d/services/artifactregistry.googleapis.com [omitted]
[info] ✔  artifactregistry: required API artifactregistry.googleapis.com is enabled 
[debug] [2025-06-19T22:28:15.390Z] <<< [apiv2][status] GET https://serviceusage.googleapis.com/v1/projects/whitelabelweb-c4f4d/services/cloudbuild.googleapis.com 200
[debug] [2025-06-19T22:28:15.390Z] <<< [apiv2][body] GET https://serviceusage.googleapis.com/v1/projects/whitelabelweb-c4f4d/services/cloudbuild.googleapis.com [omitted]
[info] ✔  functions: required API cloudbuild.googleapis.com is enabled 
[debug] [2025-06-19T22:28:15.390Z] Checked if tokens are valid: true, expires at: 1750374009913
[debug] [2025-06-19T22:28:15.390Z] Checked if tokens are valid: true, expires at: 1750374009913
[debug] [2025-06-19T22:28:15.391Z] >>> [apiv2][query] GET https://firebase.googleapis.com/v1beta1/projects/whitelabelweb-c4f4d/adminSdkConfig [none]
[debug] [2025-06-19T22:28:15.877Z] <<< [apiv2][status] GET https://firebase.googleapis.com/v1beta1/projects/whitelabelweb-c4f4d/adminSdkConfig 200
[debug] [2025-06-19T22:28:15.877Z] <<< [apiv2][body] GET https://firebase.googleapis.com/v1beta1/projects/whitelabelweb-c4f4d/adminSdkConfig {"projectId":"whitelabelweb-c4f4d","databaseURL":"https://whitelabelweb-c4f4d-default-rtdb.firebaseio.com","storageBucket":"whitelabelweb-c4f4d.firebasestorage.app"}
[debug] [2025-06-19T22:28:15.877Z] Checked if tokens are valid: true, expires at: 1750374009913
[debug] [2025-06-19T22:28:15.878Z] Checked if tokens are valid: true, expires at: 1750374009913
[debug] [2025-06-19T22:28:15.878Z] >>> [apiv2][query] GET https://runtimeconfig.googleapis.com/v1beta1/projects/whitelabelweb-c4f4d/configs [none]
[debug] [2025-06-19T22:28:16.131Z] <<< [apiv2][status] GET https://runtimeconfig.googleapis.com/v1beta1/projects/whitelabelweb-c4f4d/configs 200
[debug] [2025-06-19T22:28:16.132Z] <<< [apiv2][body] GET https://runtimeconfig.googleapis.com/v1beta1/projects/whitelabelweb-c4f4d/configs {}
[debug] [2025-06-19T22:28:16.135Z] Validating nodejs source
[warn] ⚠  functions: Runtime Node.js 18 was deprecated on 2025-04-30 and will be decommissioned on 2025-10-31, after which you will not be able to deploy without upgrading. Consider upgrading now to avoid disruption. See https://cloud.google.com/functions/docs/runtime-support for full details on the lifecycle policy 
[debug] [2025-06-19T22:28:16.549Z] > [functions] package.json contents: {
  "name": "functions",
  "description": "Cloud Functions for Firebase",
  "scripts": {
    "serve": "firebase emulators:start --only functions",
    "shell": "firebase functions:shell",
    "start": "npm run shell",
    "deploy": "firebase deploy --only functions",
    "logs": "firebase functions:log"
  },
  "engines": {
    "node": "18"
  },
  "main": "index.js",
  "dependencies": {
    "firebase-admin": "^12.6.0",
    "firebase-functions": "^6.0.1"
  },
  "devDependencies": {
    "firebase-functions-test": "^3.1.0"
  },
  "private": true
}
[debug] [2025-06-19T22:28:16.550Z] Building nodejs source
[info] i  functions: Loading and analyzing source code for codebase default to determine what to deploy 
[debug] [2025-06-19T22:28:16.550Z] Could not find functions.yaml. Must use http discovery
[debug] [2025-06-19T22:28:16.553Z] Found firebase-functions binary at '/home/bpt/whitelabel/functions/node_modules/.bin/firebase-functions'
[info] Serving at port 8557

[debug] [2025-06-19T22:28:16.675Z] Got response from /__/functions.yaml {"endpoints":{"api":{"availableMemoryMb":null,"timeoutSeconds":null,"minInstances":null,"maxInstances":null,"ingressSettings":null,"concurrency":null,"serviceAccountEmail":null,"vpc":null,"platform":"gcfv2","labels":{},"httpsTrigger":{},"entryPoint":"api"},"nextjsFunc":{"availableMemoryMb":null,"timeoutSeconds":null,"minInstances":null,"maxInstances":null,"ingressSettings":null,"concurrency":null,"serviceAccountEmail":null,"vpc":null,"platform":"gcfv2","labels":{},"httpsTrigger":{},"entryPoint":"nextjsFunc"}},"specVersion":"v1alpha1","requiredAPIs":[],"extensions":{}}
[info] i  extensions: ensuring required API firebaseextensions.googleapis.com is enabled... 
[debug] [2025-06-19T22:28:21.697Z] Checked if tokens are valid: true, expires at: 1750374009913
[debug] [2025-06-19T22:28:21.697Z] Checked if tokens are valid: true, expires at: 1750374009913
[debug] [2025-06-19T22:28:21.697Z] >>> [apiv2][query] GET https://serviceusage.googleapis.com/v1/projects/whitelabelweb-c4f4d/services/firebaseextensions.googleapis.com [none]
[debug] [2025-06-19T22:28:21.697Z] >>> [apiv2][(partial)header] GET https://serviceusage.googleapis.com/v1/projects/whitelabelweb-c4f4d/services/firebaseextensions.googleapis.com x-goog-quota-user=projects/whitelabelweb-c4f4d
[debug] [2025-06-19T22:28:22.130Z] <<< [apiv2][status] GET https://serviceusage.googleapis.com/v1/projects/whitelabelweb-c4f4d/services/firebaseextensions.googleapis.com 200
[debug] [2025-06-19T22:28:22.130Z] <<< [apiv2][body] GET https://serviceusage.googleapis.com/v1/projects/whitelabelweb-c4f4d/services/firebaseextensions.googleapis.com [omitted]
[info] ✔  extensions: required API firebaseextensions.googleapis.com is enabled 
[debug] [2025-06-19T22:28:22.131Z] > command requires scopes: ["email","openid","https://www.googleapis.com/auth/cloudplatformprojects.readonly","https://www.googleapis.com/auth/firebase","https://www.googleapis.com/auth/cloud-platform"]
[debug] [2025-06-19T22:28:22.131Z] > authorizing via signed-in user (topedgedev@gmail.com)
[debug] [2025-06-19T22:28:22.131Z] [iam] checking project whitelabelweb-c4f4d for permissions ["firebase.projects.get","firebaseextensions.instances.list"]
[debug] [2025-06-19T22:28:22.132Z] Checked if tokens are valid: true, expires at: 1750374009913
[debug] [2025-06-19T22:28:22.132Z] Checked if tokens are valid: true, expires at: 1750374009913
[debug] [2025-06-19T22:28:22.132Z] >>> [apiv2][query] POST https://cloudresourcemanager.googleapis.com/v1/projects/whitelabelweb-c4f4d:testIamPermissions [none]
[debug] [2025-06-19T22:28:22.132Z] >>> [apiv2][(partial)header] POST https://cloudresourcemanager.googleapis.com/v1/projects/whitelabelweb-c4f4d:testIamPermissions x-goog-quota-user=projects/whitelabelweb-c4f4d
[debug] [2025-06-19T22:28:22.132Z] >>> [apiv2][body] POST https://cloudresourcemanager.googleapis.com/v1/projects/whitelabelweb-c4f4d:testIamPermissions {"permissions":["firebase.projects.get","firebaseextensions.instances.list"]}
[debug] [2025-06-19T22:28:22.433Z] <<< [apiv2][status] POST https://cloudresourcemanager.googleapis.com/v1/projects/whitelabelweb-c4f4d:testIamPermissions 200
[debug] [2025-06-19T22:28:22.434Z] <<< [apiv2][body] POST https://cloudresourcemanager.googleapis.com/v1/projects/whitelabelweb-c4f4d:testIamPermissions {"permissions":["firebase.projects.get","firebaseextensions.instances.list"]}
[debug] [2025-06-19T22:28:22.434Z] Checked if tokens are valid: true, expires at: 1750374009913
[debug] [2025-06-19T22:28:22.435Z] Checked if tokens are valid: true, expires at: 1750374009913
[debug] [2025-06-19T22:28:22.436Z] >>> [apiv2][query] GET https://firebaseextensions.googleapis.com/v1beta/projects/whitelabelweb-c4f4d/instances pageSize=100&pageToken=
[debug] [2025-06-19T22:28:22.903Z] <<< [apiv2][status] GET https://firebaseextensions.googleapis.com/v1beta/projects/whitelabelweb-c4f4d/instances 200
[debug] [2025-06-19T22:28:22.903Z] <<< [apiv2][body] GET https://firebaseextensions.googleapis.com/v1beta/projects/whitelabelweb-c4f4d/instances {}
[info] i  functions: preparing functions directory for uploading... 
[info] i  functions: packaged /home/bpt/whitelabel/functions (72.66 KB) for uploading 
[debug] [2025-06-19T22:28:22.932Z] Checked if tokens are valid: true, expires at: 1750374009913
[debug] [2025-06-19T22:28:22.932Z] Checked if tokens are valid: true, expires at: 1750374009913
[debug] [2025-06-19T22:28:22.932Z] >>> [apiv2][query] GET https://cloudfunctions.googleapis.com/v1/projects/whitelabelweb-c4f4d/locations/-/functions [none]
[debug] [2025-06-19T22:28:23.431Z] <<< [apiv2][status] GET https://cloudfunctions.googleapis.com/v1/projects/whitelabelweb-c4f4d/locations/-/functions 200
[debug] [2025-06-19T22:28:23.432Z] <<< [apiv2][body] GET https://cloudfunctions.googleapis.com/v1/projects/whitelabelweb-c4f4d/locations/-/functions {}
[debug] [2025-06-19T22:28:23.433Z] Checked if tokens are valid: true, expires at: 1750374009913
[debug] [2025-06-19T22:28:23.433Z] Checked if tokens are valid: true, expires at: 1750374009913
[debug] [2025-06-19T22:28:23.434Z] >>> [apiv2][query] GET https://cloudfunctions.googleapis.com/v2/projects/whitelabelweb-c4f4d/locations/-/functions filter=environment%3D%22GEN_2%22
[debug] [2025-06-19T22:28:23.818Z] <<< [apiv2][status] GET https://cloudfunctions.googleapis.com/v2/projects/whitelabelweb-c4f4d/locations/-/functions 200
[debug] [2025-06-19T22:28:23.819Z] <<< [apiv2][body] GET https://cloudfunctions.googleapis.com/v2/projects/whitelabelweb-c4f4d/locations/-/functions {"functions":[{"name":"projects/whitelabelweb-c4f4d/locations/us-central1/functions/api","buildConfig":{"build":"projects/658394151913/locations/us-central1/builds/70db8b8b-b38e-4992-8dfb-e97ab84d2b7d","runtime":"nodejs18","entryPoint":"api","source":{"storageSource":{"bucket":"gcf-v2-sources-658394151913-us-central1","object":"api/function-source.zip","generation":"1750370028003064"}},"environmentVariables":{"GOOGLE_NODE_RUN_SCRIPTS":""},"dockerRepository":"projects/whitelabelweb-c4f4d/locations/us-central1/repositories/gcf-artifacts","serviceAccount":"projects/whitelabelweb-c4f4d/serviceAccounts/658394151913-compute@developer.gserviceaccount.com","automaticUpdatePolicy":{}},"serviceConfig":{"service":"projects/whitelabelweb-c4f4d/locations/us-central1/services/api","timeoutSeconds":60,"environmentVariables":{"FIREBASE_CONFIG":"{\"projectId\":\"whitelabelweb-c4f4d\",\"databaseURL\":\"https://whitelabelweb-c4f4d-default-rtdb.firebaseio.com\",\"storageBucket\":\"whitelabelweb-c4f4d.firebasestorage.app\"}","GCLOUD_PROJECT":"whitelabelweb-c4f4d","EVENTARC_CLOUD_EVENT_SOURCE":"projects/whitelabelweb-c4f4d/locations/us-central1/services/api","FUNCTION_TARGET":"api","LOG_EXECUTION_ID":"true","FUNCTION_SIGNATURE_TYPE":"http"},"maxInstanceCount":20,"ingressSettings":"ALLOW_ALL","uri":"https://api-53hxrufkzq-uc.a.run.app","serviceAccountEmail":"658394151913-compute@developer.gserviceaccount.com","availableMemory":"256Mi","allTrafficOnLatestRevision":true,"revision":"api-00017-yic","maxInstanceRequestConcurrency":80,"availableCpu":"1"},"state":"ACTIVE","updateTime":"2025-06-19T21:54:44.095568269Z","labels":{"deployment-tool":"cli-firebase","firebase-functions-hash":"0ac6656f188e72d70f98a084e93d444b7a7b6b78"},"environment":"GEN_2","url":"https://us-central1-whitelabelweb-c4f4d.cloudfunctions.net/api","createTime":"2025-06-13T01:27:27.381481483Z","satisfiesPzi":true},{"name":"projects/whitelabelweb-c4f4d/locations/us-central1/functions/nextjsFunc","buildConfig":{"build":"projects/658394151913/locations/us-central1/builds/70db8b8b-b38e-4992-8dfb-e97ab84d2b7d","runtime":"nodejs18","entryPoint":"nextjsFunc","source":{"storageSource":{"bucket":"gcf-v2-sources-658394151913-us-central1","object":"nextjsFunc/function-source.zip","generation":"1750370077371547"}},"environmentVariables":{"GOOGLE_NODE_RUN_SCRIPTS":""},"dockerRepository":"projects/whitelabelweb-c4f4d/locations/us-central1/repositories/gcf-artifacts","serviceAccount":"projects/whitelabelweb-c4f4d/serviceAccounts/658394151913-compute@developer.gserviceaccount.com","automaticUpdatePolicy":{}},"serviceConfig":{"service":"projects/whitelabelweb-c4f4d/locations/us-central1/services/nextjsfunc","timeoutSeconds":60,"environmentVariables":{"FIREBASE_CONFIG":"{\"projectId\":\"whitelabelweb-c4f4d\",\"databaseURL\":\"https://whitelabelweb-c4f4d-default-rtdb.firebaseio.com\",\"storageBucket\":\"whitelabelweb-c4f4d.firebasestorage.app\"}","GCLOUD_PROJECT":"whitelabelweb-c4f4d","EVENTARC_CLOUD_EVENT_SOURCE":"projects/whitelabelweb-c4f4d/locations/us-central1/services/nextjsFunc","FUNCTION_TARGET":"nextjsFunc","LOG_EXECUTION_ID":"true","FUNCTION_SIGNATURE_TYPE":"http"},"maxInstanceCount":20,"ingressSettings":"ALLOW_ALL","serviceAccountEmail":"658394151913-compute@developer.gserviceaccount.com","availableMemory":"256Mi","allTrafficOnLatestRevision":true,"revision":"nextjsfunc-00011-xix","maxInstanceRequestConcurrency":80,"availableCpu":"1"},"state":"ACTIVE","updateTime":"2025-06-19T21:54:43.551439925Z","labels":{"firebase-functions-hash":"0ac6656f188e72d70f98a084e93d444b7a7b6b78","deployment-tool":"cli-firebase"},"environment":"GEN_2","url":"https://us-central1-whitelabelweb-c4f4d.cloudfunctions.net/nextjsFunc","createTime":"2025-06-17T00:33:58.078623146Z","satisfiesPzi":true}]}
[info] i  functions: ensuring required API run.googleapis.com is enabled... 
[debug] [2025-06-19T22:28:23.822Z] Checked if tokens are valid: true, expires at: 1750374009913
[debug] [2025-06-19T22:28:23.822Z] Checked if tokens are valid: true, expires at: 1750374009913
[info] i  functions: ensuring required API eventarc.googleapis.com is enabled... 
[debug] [2025-06-19T22:28:23.823Z] Checked if tokens are valid: true, expires at: 1750374009913
[debug] [2025-06-19T22:28:23.823Z] Checked if tokens are valid: true, expires at: 1750374009913
[info] i  functions: ensuring required API pubsub.googleapis.com is enabled... 
[debug] [2025-06-19T22:28:23.823Z] Checked if tokens are valid: true, expires at: 1750374009913
[debug] [2025-06-19T22:28:23.823Z] Checked if tokens are valid: true, expires at: 1750374009913
[info] i  functions: ensuring required API storage.googleapis.com is enabled... 
[debug] [2025-06-19T22:28:23.823Z] Checked if tokens are valid: true, expires at: 1750374009913
[debug] [2025-06-19T22:28:23.823Z] Checked if tokens are valid: true, expires at: 1750374009913
[debug] [2025-06-19T22:28:23.823Z] >>> [apiv2][query] GET https://serviceusage.googleapis.com/v1/projects/whitelabelweb-c4f4d/services/run.googleapis.com [none]
[debug] [2025-06-19T22:28:23.823Z] >>> [apiv2][(partial)header] GET https://serviceusage.googleapis.com/v1/projects/whitelabelweb-c4f4d/services/run.googleapis.com x-goog-quota-user=projects/whitelabelweb-c4f4d
[debug] [2025-06-19T22:28:23.824Z] >>> [apiv2][query] GET https://serviceusage.googleapis.com/v1/projects/whitelabelweb-c4f4d/services/eventarc.googleapis.com [none]
[debug] [2025-06-19T22:28:23.824Z] >>> [apiv2][(partial)header] GET https://serviceusage.googleapis.com/v1/projects/whitelabelweb-c4f4d/services/eventarc.googleapis.com x-goog-quota-user=projects/whitelabelweb-c4f4d
[debug] [2025-06-19T22:28:23.825Z] >>> [apiv2][query] GET https://serviceusage.googleapis.com/v1/projects/whitelabelweb-c4f4d/services/pubsub.googleapis.com [none]
[debug] [2025-06-19T22:28:23.825Z] >>> [apiv2][(partial)header] GET https://serviceusage.googleapis.com/v1/projects/whitelabelweb-c4f4d/services/pubsub.googleapis.com x-goog-quota-user=projects/whitelabelweb-c4f4d
[debug] [2025-06-19T22:28:23.827Z] >>> [apiv2][query] GET https://serviceusage.googleapis.com/v1/projects/whitelabelweb-c4f4d/services/storage.googleapis.com [none]
[debug] [2025-06-19T22:28:23.827Z] >>> [apiv2][(partial)header] GET https://serviceusage.googleapis.com/v1/projects/whitelabelweb-c4f4d/services/storage.googleapis.com x-goog-quota-user=projects/whitelabelweb-c4f4d
[debug] [2025-06-19T22:28:24.017Z] <<< [apiv2][status] GET https://serviceusage.googleapis.com/v1/projects/whitelabelweb-c4f4d/services/run.googleapis.com 200
[debug] [2025-06-19T22:28:24.017Z] <<< [apiv2][body] GET https://serviceusage.googleapis.com/v1/projects/whitelabelweb-c4f4d/services/run.googleapis.com [omitted]
[info] ✔  functions: required API run.googleapis.com is enabled 
[debug] [2025-06-19T22:28:24.250Z] <<< [apiv2][status] GET https://serviceusage.googleapis.com/v1/projects/whitelabelweb-c4f4d/services/eventarc.googleapis.com 200
[debug] [2025-06-19T22:28:24.250Z] <<< [apiv2][body] GET https://serviceusage.googleapis.com/v1/projects/whitelabelweb-c4f4d/services/eventarc.googleapis.com [omitted]
[info] ✔  functions: required API eventarc.googleapis.com is enabled 
[debug] [2025-06-19T22:28:24.292Z] <<< [apiv2][status] GET https://serviceusage.googleapis.com/v1/projects/whitelabelweb-c4f4d/services/pubsub.googleapis.com 200
[debug] [2025-06-19T22:28:24.292Z] <<< [apiv2][body] GET https://serviceusage.googleapis.com/v1/projects/whitelabelweb-c4f4d/services/pubsub.googleapis.com [omitted]
[info] ✔  functions: required API pubsub.googleapis.com is enabled 
[debug] [2025-06-19T22:28:24.311Z] <<< [apiv2][status] GET https://serviceusage.googleapis.com/v1/projects/whitelabelweb-c4f4d/services/storage.googleapis.com 200
[debug] [2025-06-19T22:28:24.311Z] <<< [apiv2][body] GET https://serviceusage.googleapis.com/v1/projects/whitelabelweb-c4f4d/services/storage.googleapis.com [omitted]
[info] ✔  functions: required API storage.googleapis.com is enabled 
[info] i  functions: generating the service identity for pubsub.googleapis.com... 
[debug] [2025-06-19T22:28:24.312Z] Checked if tokens are valid: true, expires at: 1750374009913
[debug] [2025-06-19T22:28:24.312Z] Checked if tokens are valid: true, expires at: 1750374009913
[info] i  functions: generating the service identity for eventarc.googleapis.com... 
[debug] [2025-06-19T22:28:24.312Z] Checked if tokens are valid: true, expires at: 1750374009913
[debug] [2025-06-19T22:28:24.312Z] Checked if tokens are valid: true, expires at: 1750374009913
[debug] [2025-06-19T22:28:24.313Z] >>> [apiv2][query] POST https://serviceusage.googleapis.com/v1beta1/projects/658394151913/services/pubsub.googleapis.com:generateServiceIdentity [none]
[debug] [2025-06-19T22:28:24.313Z] >>> [apiv2][query] POST https://serviceusage.googleapis.com/v1beta1/projects/658394151913/services/eventarc.googleapis.com:generateServiceIdentity [none]
[debug] [2025-06-19T22:28:24.488Z] <<< [apiv2][status] POST https://serviceusage.googleapis.com/v1beta1/projects/658394151913/services/eventarc.googleapis.com:generateServiceIdentity 200
[debug] [2025-06-19T22:28:24.488Z] <<< [apiv2][body] POST https://serviceusage.googleapis.com/v1beta1/projects/658394151913/services/eventarc.googleapis.com:generateServiceIdentity {"name":"operations/finished.DONE_OPERATION","done":true,"response":{"@type":"type.googleapis.com/google.api.serviceusage.v1beta1.ServiceIdentity","email":"service-658394151913@gcp-sa-eventarc.iam.gserviceaccount.com","uniqueId":"110136096978115920346"}}
[debug] [2025-06-19T22:28:24.489Z] <<< [apiv2][status] POST https://serviceusage.googleapis.com/v1beta1/projects/658394151913/services/pubsub.googleapis.com:generateServiceIdentity 200
[debug] [2025-06-19T22:28:24.490Z] <<< [apiv2][body] POST https://serviceusage.googleapis.com/v1beta1/projects/658394151913/services/pubsub.googleapis.com:generateServiceIdentity {"name":"operations/finished.DONE_OPERATION","done":true,"response":{"@type":"type.googleapis.com/google.api.serviceusage.v1beta1.ServiceIdentity","email":"service-658394151913@gcp-sa-pubsub.iam.gserviceaccount.com","uniqueId":"101896636378863625034"}}
[debug] [2025-06-19T22:28:24.492Z] Checked if tokens are valid: true, expires at: 1750374009913
[debug] [2025-06-19T22:28:24.492Z] Checked if tokens are valid: true, expires at: 1750374009913
[debug] [2025-06-19T22:28:24.492Z] >>> [apiv2][query] GET https://firebase.googleapis.com/v1beta1/projects/whitelabelweb-c4f4d [none]
[debug] [2025-06-19T22:28:24.756Z] <<< [apiv2][status] GET https://firebase.googleapis.com/v1beta1/projects/whitelabelweb-c4f4d 200
[debug] [2025-06-19T22:28:24.756Z] <<< [apiv2][body] GET https://firebase.googleapis.com/v1beta1/projects/whitelabelweb-c4f4d {"projectId":"whitelabelweb-c4f4d","projectNumber":"658394151913","displayName":"whiteLabelweb","name":"projects/whitelabelweb-c4f4d","resources":{"hostingSite":"whitelabelweb-c4f4d","realtimeDatabaseInstance":"whitelabelweb-c4f4d-default-rtdb"},"state":"ACTIVE","etag":"1_d4939574-00ce-4237-ae03-b4fca255cfa3"}
[debug] [2025-06-19T22:28:24.758Z] Checked if tokens are valid: true, expires at: 1750374009913
[debug] [2025-06-19T22:28:24.758Z] Checked if tokens are valid: true, expires at: 1750374009913
[debug] [2025-06-19T22:28:24.758Z] >>> [apiv2][query] GET https://cloudbilling.googleapis.com/v1/projects/whitelabelweb-c4f4d/billingInfo [none]
[debug] [2025-06-19T22:28:24.978Z] <<< [apiv2][status] GET https://cloudbilling.googleapis.com/v1/projects/whitelabelweb-c4f4d/billingInfo 200
[debug] [2025-06-19T22:28:24.978Z] <<< [apiv2][body] GET https://cloudbilling.googleapis.com/v1/projects/whitelabelweb-c4f4d/billingInfo {"name":"projects/whitelabelweb-c4f4d/billingInfo","projectId":"whitelabelweb-c4f4d","billingAccountName":"billingAccounts/0185BB-1712F5-755D2F","billingEnabled":true}
[debug] [2025-06-19T22:28:24.979Z] Checked if tokens are valid: true, expires at: 1750374009913
[debug] [2025-06-19T22:28:24.979Z] Checked if tokens are valid: true, expires at: 1750374009913
[debug] [2025-06-19T22:28:24.979Z] >>> [apiv2][query] POST https://cloudfunctions.googleapis.com/v2/projects/whitelabelweb-c4f4d/locations/us-central1/functions:generateUploadUrl [none]
[debug] [2025-06-19T22:28:25.376Z] <<< [apiv2][status] POST https://cloudfunctions.googleapis.com/v2/projects/whitelabelweb-c4f4d/locations/us-central1/functions:generateUploadUrl 200
[debug] [2025-06-19T22:28:25.376Z] <<< [apiv2][body] POST https://cloudfunctions.googleapis.com/v2/projects/whitelabelweb-c4f4d/locations/us-central1/functions:generateUploadUrl {"uploadUrl":"https://storage.googleapis.com/gcf-v2-uploads-658394151913.us-central1.cloudfunctions.appspot.com/a17eabbe-7087-49fc-8901-6561faac161f.zip?GoogleAccessId=service-658394151913@gcf-admin-robot.iam.gserviceaccount.com&Expires=1750373906&Signature=V1TlNHJLiIHOLxU74MI7OQMN2qk0WBuw5qG9aP5OmbvJxiRxsZgBbf26PJ%2FNOuZC7YdNrq97RnaFwQKbWr13YZo2lDZuqt3vQ3zOpFC56rnLNU4aU1zS4iMJoecMHfoZMGr79t0SVrSmcQ21YBrX90kWZ1ByPNcxa2YUtsxzds%2Bq%2BorVrwCcbUS%2BPDZHO6g5kE%2F49iztKg4FxwYBKoTdtnircXSq3zolps%2FqhpnqBomGECmR%2BZDkIJlXirnI7TxVxRvfFFsfyPFxqSa7ZLaNEu4sqNHSMfyQlV6c4BLQRuyp5ceyjEOzV0QkWCuCbCOcCXoCWmrinR3MIo%2Fhz%2B7K5w%3D%3D","storageSource":{"bucket":"gcf-v2-uploads-658394151913.us-central1.cloudfunctions.appspot.com","object":"a17eabbe-7087-49fc-8901-6561faac161f.zip"}}
[debug] [2025-06-19T22:28:25.377Z] >>> [apiv2][query] PUT https://storage.googleapis.com/gcf-v2-uploads-658394151913.us-central1.cloudfunctions.appspot.com/a17eabbe-7087-49fc-8901-6561faac161f.zip GoogleAccessId=service-658394151913%40gcf-admin-robot.iam.gserviceaccount.com&Expires=1750373906&Signature=V1TlNHJLiIHOLxU74MI7OQMN2qk0WBuw5qG9aP5OmbvJxiRxsZgBbf26PJ%2FNOuZC7YdNrq97RnaFwQKbWr13YZo2lDZuqt3vQ3zOpFC56rnLNU4aU1zS4iMJoecMHfoZMGr79t0SVrSmcQ21YBrX90kWZ1ByPNcxa2YUtsxzds%2Bq%2BorVrwCcbUS%2BPDZHO6g5kE%2F49iztKg4FxwYBKoTdtnircXSq3zolps%2FqhpnqBomGECmR%2BZDkIJlXirnI7TxVxRvfFFsfyPFxqSa7ZLaNEu4sqNHSMfyQlV6c4BLQRuyp5ceyjEOzV0QkWCuCbCOcCXoCWmrinR3MIo%2Fhz%2B7K5w%3D%3D
[debug] [2025-06-19T22:28:25.377Z] >>> [apiv2][body] PUT https://storage.googleapis.com/gcf-v2-uploads-658394151913.us-central1.cloudfunctions.appspot.com/a17eabbe-7087-49fc-8901-6561faac161f.zip [stream]
[debug] [2025-06-19T22:28:25.739Z] <<< [apiv2][status] PUT https://storage.googleapis.com/gcf-v2-uploads-658394151913.us-central1.cloudfunctions.appspot.com/a17eabbe-7087-49fc-8901-6561faac161f.zip 200
[debug] [2025-06-19T22:28:25.740Z] <<< [apiv2][body] PUT https://storage.googleapis.com/gcf-v2-uploads-658394151913.us-central1.cloudfunctions.appspot.com/a17eabbe-7087-49fc-8901-6561faac161f.zip [omitted]
[info] ✔  functions: functions folder uploaded successfully 
[info] i  functions: updating Node.js 18 (2nd Gen) function api(us-central1)... 
[info] i  functions: updating Node.js 18 (2nd Gen) function nextjsFunc(us-central1)... 
[debug] [2025-06-19T22:28:25.746Z] Checked if tokens are valid: true, expires at: 1750374009913
[debug] [2025-06-19T22:28:25.746Z] Checked if tokens are valid: true, expires at: 1750374009913
[debug] [2025-06-19T22:28:25.747Z] >>> [apiv2][query] PATCH https://cloudfunctions.googleapis.com/v2/projects/whitelabelweb-c4f4d/locations/us-central1/functions/api updateMask=name%2CbuildConfig.runtime%2CbuildConfig.entryPoint%2CbuildConfig.source.storageSource.bucket%2CbuildConfig.source.storageSource.object%2CbuildConfig.environmentVariables%2CbuildConfig.sourceToken%2CserviceConfig.environmentVariables%2CserviceConfig.ingressSettings%2CserviceConfig.timeoutSeconds%2CserviceConfig.serviceAccountEmail%2CserviceConfig.availableMemory%2CserviceConfig.minInstanceCount%2CserviceConfig.maxInstanceCount%2CserviceConfig.maxInstanceRequestConcurrency%2CserviceConfig.availableCpu%2CserviceConfig.vpcConnector%2CserviceConfig.vpcConnectorEgressSettings%2Clabels%2CbuildConfig.buildEnvironmentVariables
[debug] [2025-06-19T22:28:25.747Z] >>> [apiv2][body] PATCH https://cloudfunctions.googleapis.com/v2/projects/whitelabelweb-c4f4d/locations/us-central1/functions/api {"name":"projects/whitelabelweb-c4f4d/locations/us-central1/functions/api","buildConfig":{"runtime":"nodejs18","entryPoint":"api","source":{"storageSource":{"bucket":"gcf-v2-uploads-658394151913.us-central1.cloudfunctions.appspot.com","object":"a17eabbe-7087-49fc-8901-6561faac161f.zip"}},"environmentVariables":{"GOOGLE_NODE_RUN_SCRIPTS":""}},"serviceConfig":{"environmentVariables":{"FIREBASE_CONFIG":"{\"projectId\":\"whitelabelweb-c4f4d\",\"databaseURL\":\"https://whitelabelweb-c4f4d-default-rtdb.firebaseio.com\",\"storageBucket\":\"whitelabelweb-c4f4d.firebasestorage.app\"}","GCLOUD_PROJECT":"whitelabelweb-c4f4d","EVENTARC_CLOUD_EVENT_SOURCE":"projects/whitelabelweb-c4f4d/locations/us-central1/services/api","FUNCTION_TARGET":"api","LOG_EXECUTION_ID":"true","FUNCTION_SIGNATURE_TYPE":"http"},"ingressSettings":null,"timeoutSeconds":null,"serviceAccountEmail":null,"availableMemory":"256Mi","minInstanceCount":null,"maxInstanceCount":null,"maxInstanceRequestConcurrency":80,"availableCpu":"1","vpcConnector":null,"vpcConnectorEgressSettings":null},"labels":{"deployment-tool":"cli-firebase","firebase-functions-hash":"ef656f511d2ff172f9156db0e133f099b11772dd"}}
[debug] [2025-06-19T22:28:27.019Z] <<< [apiv2][status] PATCH https://cloudfunctions.googleapis.com/v2/projects/whitelabelweb-c4f4d/locations/us-central1/functions/api 200
[debug] [2025-06-19T22:28:27.020Z] <<< [apiv2][body] PATCH https://cloudfunctions.googleapis.com/v2/projects/whitelabelweb-c4f4d/locations/us-central1/functions/api {"name":"projects/whitelabelweb-c4f4d/locations/us-central1/operations/operation-1750372107092-637f443ab0151-6e600dcd-9249545b","metadata":{"@type":"type.googleapis.com/google.cloud.functions.v2.OperationMetadata","createTime":"2025-06-19T22:28:28.023571544Z","target":"projects/whitelabelweb-c4f4d/locations/us-central1/functions/api","verb":"update","cancelRequested":false,"apiVersion":"v2"},"done":false}
[debug] [2025-06-19T22:28:27.021Z] Checked if tokens are valid: true, expires at: 1750374009913
[debug] [2025-06-19T22:28:27.021Z] Checked if tokens are valid: true, expires at: 1750374009913
[debug] [2025-06-19T22:28:27.022Z] >>> [apiv2][query] GET https://cloudfunctions.googleapis.com/v2/projects/whitelabelweb-c4f4d/locations/us-central1/operations/operation-1750372107092-637f443ab0151-6e600dcd-9249545b [none]
[debug] [2025-06-19T22:28:27.381Z] <<< [apiv2][status] GET https://cloudfunctions.googleapis.com/v2/projects/whitelabelweb-c4f4d/locations/us-central1/operations/operation-1750372107092-637f443ab0151-6e600dcd-9249545b 200
[debug] [2025-06-19T22:28:27.381Z] <<< [apiv2][body] GET https://cloudfunctions.googleapis.com/v2/projects/whitelabelweb-c4f4d/locations/us-central1/operations/operation-1750372107092-637f443ab0151-6e600dcd-9249545b {"name":"projects/whitelabelweb-c4f4d/locations/us-central1/operations/operation-1750372107092-637f443ab0151-6e600dcd-9249545b","metadata":{"@type":"type.googleapis.com/google.cloud.functions.v2.OperationMetadata","createTime":"2025-06-19T22:28:28.023571544Z","target":"projects/whitelabelweb-c4f4d/locations/us-central1/functions/api","verb":"update","cancelRequested":false,"apiVersion":"v2","requestResource":{"@type":"type.googleapis.com/google.cloud.functions.v2.Function","name":"projects/whitelabelweb-c4f4d/locations/us-central1/functions/api","buildConfig":{"runtime":"nodejs18","entryPoint":"api","source":{"storageSource":{"bucket":"gcf-v2-sources-658394151913-us-central1","object":"api/function-source.zip","generation":"1750372107891434"}},"environmentVariables":{"GOOGLE_NODE_RUN_SCRIPTS":""},"dockerRepository":"projects/whitelabelweb-c4f4d/locations/us-central1/repositories/gcf-artifacts","serviceAccount":"projects/whitelabelweb-c4f4d/serviceAccounts/658394151913-compute@developer.gserviceaccount.com","automaticUpdatePolicy":{}},"serviceConfig":{"service":"projects/whitelabelweb-c4f4d/locations/us-central1/services/api","timeoutSeconds":60,"environmentVariables":{"FIREBASE_CONFIG":"{\"projectId\":\"whitelabelweb-c4f4d\",\"databaseURL\":\"https://whitelabelweb-c4f4d-default-rtdb.firebaseio.com\",\"storageBucket\":\"whitelabelweb-c4f4d.firebasestorage.app\"}","GCLOUD_PROJECT":"whitelabelweb-c4f4d","EVENTARC_CLOUD_EVENT_SOURCE":"projects/whitelabelweb-c4f4d/locations/us-central1/services/api","FUNCTION_TARGET":"api","LOG_EXECUTION_ID":"true","FUNCTION_SIGNATURE_TYPE":"http"},"ingressSettings":"ALLOW_ALL","uri":"https://api-53hxrufkzq-uc.a.run.app","serviceAccountEmail":"658394151913-compute@developer.gserviceaccount.com","availableMemory":"256Mi","allTrafficOnLatestRevision":true,"revision":"api-00017-yic","maxInstanceRequestConcurrency":80,"availableCpu":"1"},"state":"ACTIVE","labels":{"deployment-tool":"cli-firebase","firebase-functions-hash":"ef656f511d2ff172f9156db0e133f099b11772dd"},"environment":"GEN_2","url":"https://us-central1-whitelabelweb-c4f4d.cloudfunctions.net/api","satisfiesPzi":true},"stages":[{"name":"BUILD","state":"NOT_STARTED","stateMessages":[{"severity":"WARNING","type":"BuildAnalysisWarning","message":"Node.js 18 is no longer supported by the Node.js community as of 30 April, 2025. Runtime nodejs18 is currently deprecated for Cloud Functions. We recommend you to upgrade to the latest version of Node.js as soon as possible."}]},{"name":"SERVICE","state":"NOT_STARTED"}],"operationType":"UPDATE_FUNCTION"},"done":false}
[debug] [2025-06-19T22:28:27.885Z] [update-default-us-central1-api] Retrying task index 0
[debug] [2025-06-19T22:28:27.886Z] Checked if tokens are valid: true, expires at: 1750374009913
[debug] [2025-06-19T22:28:27.886Z] Checked if tokens are valid: true, expires at: 1750374009913
[debug] [2025-06-19T22:28:27.889Z] >>> [apiv2][query] GET https://cloudfunctions.googleapis.com/v2/projects/whitelabelweb-c4f4d/locations/us-central1/operations/operation-1750372107092-637f443ab0151-6e600dcd-9249545b [none]
[debug] [2025-06-19T22:28:28.230Z] <<< [apiv2][status] GET https://cloudfunctions.googleapis.com/v2/projects/whitelabelweb-c4f4d/locations/us-central1/operations/operation-1750372107092-637f443ab0151-6e600dcd-9249545b 200
[debug] [2025-06-19T22:28:28.230Z] <<< [apiv2][body] GET https://cloudfunctions.googleapis.com/v2/projects/whitelabelweb-c4f4d/locations/us-central1/operations/operation-1750372107092-637f443ab0151-6e600dcd-9249545b {"name":"projects/whitelabelweb-c4f4d/locations/us-central1/operations/operation-1750372107092-637f443ab0151-6e600dcd-9249545b","metadata":{"@type":"type.googleapis.com/google.cloud.functions.v2.OperationMetadata","createTime":"2025-06-19T22:28:28.023571544Z","target":"projects/whitelabelweb-c4f4d/locations/us-central1/functions/api","verb":"update","cancelRequested":false,"apiVersion":"v2","requestResource":{"@type":"type.googleapis.com/google.cloud.functions.v2.Function","name":"projects/whitelabelweb-c4f4d/locations/us-central1/functions/api","buildConfig":{"runtime":"nodejs18","entryPoint":"api","source":{"storageSource":{"bucket":"gcf-v2-sources-658394151913-us-central1","object":"api/function-source.zip","generation":"1750372107891434"}},"environmentVariables":{"GOOGLE_NODE_RUN_SCRIPTS":""},"dockerRepository":"projects/whitelabelweb-c4f4d/locations/us-central1/repositories/gcf-artifacts","serviceAccount":"projects/whitelabelweb-c4f4d/serviceAccounts/658394151913-compute@developer.gserviceaccount.com","automaticUpdatePolicy":{}},"serviceConfig":{"service":"projects/whitelabelweb-c4f4d/locations/us-central1/services/api","timeoutSeconds":60,"environmentVariables":{"FIREBASE_CONFIG":"{\"projectId\":\"whitelabelweb-c4f4d\",\"databaseURL\":\"https://whitelabelweb-c4f4d-default-rtdb.firebaseio.com\",\"storageBucket\":\"whitelabelweb-c4f4d.firebasestorage.app\"}","GCLOUD_PROJECT":"whitelabelweb-c4f4d","EVENTARC_CLOUD_EVENT_SOURCE":"projects/whitelabelweb-c4f4d/locations/us-central1/services/api","FUNCTION_TARGET":"api","LOG_EXECUTION_ID":"true","FUNCTION_SIGNATURE_TYPE":"http"},"ingressSettings":"ALLOW_ALL","uri":"https://api-53hxrufkzq-uc.a.run.app","serviceAccountEmail":"658394151913-compute@developer.gserviceaccount.com","availableMemory":"256Mi","allTrafficOnLatestRevision":true,"revision":"api-00017-yic","maxInstanceRequestConcurrency":80,"availableCpu":"1"},"state":"ACTIVE","labels":{"deployment-tool":"cli-firebase","firebase-functions-hash":"ef656f511d2ff172f9156db0e133f099b11772dd"},"environment":"GEN_2","url":"https://us-central1-whitelabelweb-c4f4d.cloudfunctions.net/api","satisfiesPzi":true},"stages":[{"name":"BUILD","message":"Build in progress","state":"IN_PROGRESS","resource":"projects/658394151913/locations/us-central1/builds/260799d7-0b3e-4488-9e11-aa9d84da0787","resourceUri":"https://console.cloud.google.com/cloud-build/builds;region=us-central1/260799d7-0b3e-4488-9e11-aa9d84da0787?project=658394151913"},{"name":"SERVICE","state":"NOT_STARTED"}],"operationType":"UPDATE_FUNCTION","buildName":"projects/658394151913/locations/us-central1/builds/260799d7-0b3e-4488-9e11-aa9d84da0787"},"done":false}
[debug] [2025-06-19T22:28:29.231Z] [update-default-us-central1-api] Retrying task index 0
[debug] [2025-06-19T22:28:29.232Z] Checked if tokens are valid: true, expires at: 1750374009913
[debug] [2025-06-19T22:28:29.232Z] Checked if tokens are valid: true, expires at: 1750374009913
[debug] [2025-06-19T22:28:29.232Z] >>> [apiv2][query] GET https://cloudfunctions.googleapis.com/v2/projects/whitelabelweb-c4f4d/locations/us-central1/operations/operation-1750372107092-637f443ab0151-6e600dcd-9249545b [none]
[debug] [2025-06-19T22:28:29.569Z] <<< [apiv2][status] GET https://cloudfunctions.googleapis.com/v2/projects/whitelabelweb-c4f4d/locations/us-central1/operations/operation-1750372107092-637f443ab0151-6e600dcd-9249545b 200
[debug] [2025-06-19T22:28:29.570Z] <<< [apiv2][body] GET https://cloudfunctions.googleapis.com/v2/projects/whitelabelweb-c4f4d/locations/us-central1/operations/operation-1750372107092-637f443ab0151-6e600dcd-9249545b {"name":"projects/whitelabelweb-c4f4d/locations/us-central1/operations/operation-1750372107092-637f443ab0151-6e600dcd-9249545b","metadata":{"@type":"type.googleapis.com/google.cloud.functions.v2.OperationMetadata","createTime":"2025-06-19T22:28:28.023571544Z","target":"projects/whitelabelweb-c4f4d/locations/us-central1/functions/api","verb":"update","cancelRequested":false,"apiVersion":"v2","requestResource":{"@type":"type.googleapis.com/google.cloud.functions.v2.Function","name":"projects/whitelabelweb-c4f4d/locations/us-central1/functions/api","buildConfig":{"runtime":"nodejs18","entryPoint":"api","source":{"storageSource":{"bucket":"gcf-v2-sources-658394151913-us-central1","object":"api/function-source.zip","generation":"1750372107891434"}},"environmentVariables":{"GOOGLE_NODE_RUN_SCRIPTS":""},"dockerRepository":"projects/whitelabelweb-c4f4d/locations/us-central1/repositories/gcf-artifacts","serviceAccount":"projects/whitelabelweb-c4f4d/serviceAccounts/658394151913-compute@developer.gserviceaccount.com","automaticUpdatePolicy":{}},"serviceConfig":{"service":"projects/whitelabelweb-c4f4d/locations/us-central1/services/api","timeoutSeconds":60,"environmentVariables":{"FIREBASE_CONFIG":"{\"projectId\":\"whitelabelweb-c4f4d\",\"databaseURL\":\"https://whitelabelweb-c4f4d-default-rtdb.firebaseio.com\",\"storageBucket\":\"whitelabelweb-c4f4d.firebasestorage.app\"}","GCLOUD_PROJECT":"whitelabelweb-c4f4d","EVENTARC_CLOUD_EVENT_SOURCE":"projects/whitelabelweb-c4f4d/locations/us-central1/services/api","FUNCTION_TARGET":"api","LOG_EXECUTION_ID":"true","FUNCTION_SIGNATURE_TYPE":"http"},"ingressSettings":"ALLOW_ALL","uri":"https://api-53hxrufkzq-uc.a.run.app","serviceAccountEmail":"658394151913-compute@developer.gserviceaccount.com","availableMemory":"256Mi","allTrafficOnLatestRevision":true,"revision":"api-00017-yic","maxInstanceRequestConcurrency":80,"availableCpu":"1"},"state":"ACTIVE","labels":{"deployment-tool":"cli-firebase","firebase-functions-hash":"ef656f511d2ff172f9156db0e133f099b11772dd"},"environment":"GEN_2","url":"https://us-central1-whitelabelweb-c4f4d.cloudfunctions.net/api","satisfiesPzi":true},"stages":[{"name":"BUILD","message":"Build in progress","state":"IN_PROGRESS","resource":"projects/658394151913/locations/us-central1/builds/260799d7-0b3e-4488-9e11-aa9d84da0787","resourceUri":"https://console.cloud.google.com/cloud-build/builds;region=us-central1/260799d7-0b3e-4488-9e11-aa9d84da0787?project=658394151913"},{"name":"SERVICE","state":"NOT_STARTED"}],"operationType":"UPDATE_FUNCTION","buildName":"projects/658394151913/locations/us-central1/builds/260799d7-0b3e-4488-9e11-aa9d84da0787"},"done":false}
[debug] [2025-06-19T22:28:31.572Z] [update-default-us-central1-api] Retrying task index 0
[debug] [2025-06-19T22:28:31.572Z] Checked if tokens are valid: true, expires at: 1750374009913
[debug] [2025-06-19T22:28:31.572Z] Checked if tokens are valid: true, expires at: 1750374009913
[debug] [2025-06-19T22:28:31.572Z] >>> [apiv2][query] GET https://cloudfunctions.googleapis.com/v2/projects/whitelabelweb-c4f4d/locations/us-central1/operations/operation-1750372107092-637f443ab0151-6e600dcd-9249545b [none]
[debug] [2025-06-19T22:28:31.891Z] <<< [apiv2][status] GET https://cloudfunctions.googleapis.com/v2/projects/whitelabelweb-c4f4d/locations/us-central1/operations/operation-1750372107092-637f443ab0151-6e600dcd-9249545b 200
[debug] [2025-06-19T22:28:31.891Z] <<< [apiv2][body] GET https://cloudfunctions.googleapis.com/v2/projects/whitelabelweb-c4f4d/locations/us-central1/operations/operation-1750372107092-637f443ab0151-6e600dcd-9249545b {"name":"projects/whitelabelweb-c4f4d/locations/us-central1/operations/operation-1750372107092-637f443ab0151-6e600dcd-9249545b","metadata":{"@type":"type.googleapis.com/google.cloud.functions.v2.OperationMetadata","createTime":"2025-06-19T22:28:28.023571544Z","target":"projects/whitelabelweb-c4f4d/locations/us-central1/functions/api","verb":"update","cancelRequested":false,"apiVersion":"v2","requestResource":{"@type":"type.googleapis.com/google.cloud.functions.v2.Function","name":"projects/whitelabelweb-c4f4d/locations/us-central1/functions/api","buildConfig":{"runtime":"nodejs18","entryPoint":"api","source":{"storageSource":{"bucket":"gcf-v2-sources-658394151913-us-central1","object":"api/function-source.zip","generation":"1750372107891434"}},"environmentVariables":{"GOOGLE_NODE_RUN_SCRIPTS":""},"dockerRepository":"projects/whitelabelweb-c4f4d/locations/us-central1/repositories/gcf-artifacts","serviceAccount":"projects/whitelabelweb-c4f4d/serviceAccounts/658394151913-compute@developer.gserviceaccount.com","automaticUpdatePolicy":{}},"serviceConfig":{"service":"projects/whitelabelweb-c4f4d/locations/us-central1/services/api","timeoutSeconds":60,"environmentVariables":{"FIREBASE_CONFIG":"{\"projectId\":\"whitelabelweb-c4f4d\",\"databaseURL\":\"https://whitelabelweb-c4f4d-default-rtdb.firebaseio.com\",\"storageBucket\":\"whitelabelweb-c4f4d.firebasestorage.app\"}","GCLOUD_PROJECT":"whitelabelweb-c4f4d","EVENTARC_CLOUD_EVENT_SOURCE":"projects/whitelabelweb-c4f4d/locations/us-central1/services/api","FUNCTION_TARGET":"api","LOG_EXECUTION_ID":"true","FUNCTION_SIGNATURE_TYPE":"http"},"ingressSettings":"ALLOW_ALL","uri":"https://api-53hxrufkzq-uc.a.run.app","serviceAccountEmail":"658394151913-compute@developer.gserviceaccount.com","availableMemory":"256Mi","allTrafficOnLatestRevision":true,"revision":"api-00017-yic","maxInstanceRequestConcurrency":80,"availableCpu":"1"},"state":"ACTIVE","labels":{"deployment-tool":"cli-firebase","firebase-functions-hash":"ef656f511d2ff172f9156db0e133f099b11772dd"},"environment":"GEN_2","url":"https://us-central1-whitelabelweb-c4f4d.cloudfunctions.net/api","satisfiesPzi":true},"stages":[{"name":"BUILD","message":"Build in progress","state":"IN_PROGRESS","resource":"projects/658394151913/locations/us-central1/builds/260799d7-0b3e-4488-9e11-aa9d84da0787","resourceUri":"https://console.cloud.google.com/cloud-build/builds;region=us-central1/260799d7-0b3e-4488-9e11-aa9d84da0787?project=658394151913"},{"name":"SERVICE","state":"NOT_STARTED"}],"operationType":"UPDATE_FUNCTION","buildName":"projects/658394151913/locations/us-central1/builds/260799d7-0b3e-4488-9e11-aa9d84da0787"},"done":false}
